00:00:00.014830 VirtualBox NAT Network 4.1.34 r1224445376 win.amd64 (Jul 26 2022 16:16:15) release log
00:00:00.014833 Log opened 2024-07-25T05:20:01.053209600Z
00:00:00.014834 Build Type: release
00:00:00.014842 OS Product: Windows 11
00:00:00.014843 OS Release: 10.0.22631
00:00:00.014844 OS Service Pack: 
00:00:00.068618 DMI Product Name: Nitro AN515-54
00:00:00.076903 DMI Product Version: V1.33
00:00:00.076919 Firmware type: UEFI
00:00:00.077335 Secure Boot: VERR_PRIVILEGE_NOT_HELD
00:00:00.077361 Host RAM: 16221MB (15.8GB) total, 9089MB (8.8GB) available
00:00:00.077368 Executable: C:\Program Files\ldplayer9box\VBoxNetNAT.exe
00:00:00.077369 Process ID: 3752
00:00:00.077370 Package type: WINDOWS_64BITS_GENERIC (OSE)
00:00:00.093852 SUP: Opened Ld9VMMR0.r0 (C:\Program Files\ldplayer9box\Ld9VMMR0.r0) at 0xXXXXXXXXXXXXXXXX loaded by the native ring-0 loader.
00:00:00.093874 SUP: windbg> .reload /f C:\Program Files\ldplayer9box\Ld9VMMR0.r0=0xXXXXXXXXXXXXXXXX
00:00:00.098328 netif NT0: mac 52:54:00:12:35:00
00:00:00.098360 netif NT0: inet 172.16.1.1 netmask 255.255.255.0
00:00:00.098378 netif NT0: inet6 fe80::5054:ff:fe12:3500
00:00:00.098397 netif NT0: inet6 fd17:625c:f037:1001::1
