00:00:00.011907 VirtualBox NAT Network 4.1.34 r1224445376 win.amd64 (Jul 26 2022 16:16:15) release log
00:00:00.011911 Log opened 2024-07-25T05:12:00.292488900Z
00:00:00.011912 Build Type: release
00:00:00.011919 OS Product: Windows 11
00:00:00.011920 OS Release: 10.0.22631
00:00:00.011921 OS Service Pack: 
00:00:02.631214 DMI Product Name: Nitro AN515-54
00:00:02.885767 DMI Product Version: V1.33
00:00:02.885849 Firmware type: UEFI
00:00:02.886479 Secure Boot: VERR_PRIVILEGE_NOT_HELD
00:00:02.886524 Host RAM: 16221MB (15.8GB) total, 1529MB available
00:00:02.886532 Executable: C:\Program Files\ldplayer9box\VBoxNetNAT.exe
00:00:02.886533 Process ID: 17540
00:00:02.886534 Package type: WINDOWS_64BITS_GENERIC (OSE)
00:00:04.086347 SUP: Opened Ld9VMMR0.r0 (C:\Program Files\ldplayer9box\Ld9VMMR0.r0) at 0xXXXXXXXXXXXXXXXX loaded by the native ring-0 loader.
00:00:04.086378 SUP: windbg> .reload /f C:\Program Files\ldplayer9box\Ld9VMMR0.r0=0xXXXXXXXXXXXXXXXX
00:00:04.475653 netif NT0: mac 52:54:00:12:35:00
00:00:04.475693 netif NT0: inet 172.16.1.1 netmask 255.255.255.0
00:00:04.475709 netif NT0: inet6 fe80::5054:ff:fe12:3500
00:00:04.475738 netif NT0: inet6 fd17:625c:f037:1001::1
