00:00:00.085837 VirtualBox DHCP Server 4.1.34 r915953336 win.amd64 (Jul 26 2022 16:16:05) release log
00:00:00.085842 Log opened 2024-07-25T05:10:24.622777900Z
00:00:00.085843 Build Type: release
00:00:00.085853 OS Product: Windows 11
00:00:00.085855 OS Release: 10.0.22631
00:00:00.085856 OS Service Pack: 
00:00:02.846091 DMI Product Name: Nitro AN515-54
00:00:04.927618 DMI Product Version: V1.33
00:00:04.927648 Firmware type: UEFI
00:00:04.933484 Secure Boot: VERR_PRIVILEGE_NOT_HELD
00:00:04.933529 Host RAM: 16221MB (15.8GB) total, 2910MB (2.8GB) available
00:00:04.933537 Executable: C:\Program Files\ldplayer9box\VBoxNetDHCP.exe
00:00:04.933539 Process ID: 20088
00:00:04.933540 Package type: WINDOWS_64BITS_GENERIC (OSE)
00:00:04.933777 --config:  LdNatNetwork3
00:00:04.933800 --comment: LdNatNetwork3
00:00:05.029653 IP address:   172.16.1.3/24
00:00:05.029679 Address pool: 172.16.1.4 - 172.16.1.254
00:00:05.029754 MAC address is not specified: will use generated MAC 08:00:27:61:0e:b6
00:00:05.029772 Db::i_enterFixedAddressAssignment: 08:00:27:61:0e:b6: 172.16.1.3
00:00:05.029787 loading leases from C:\Users\Admin\.Ld9VirtualBox\LdNatNetwork3-Dhcpd.leases
00:00:05.029945 Runtime error opening 'C:\Users\Admin\.Ld9VirtualBox\LdNatNetwork3-Dhcpd.leases' for reading: -102 (File not found.)
00:03:01.470687 DISCOVER xid 0x3400ccd4 chaddr 00:db:4f:b5:1f:c1
00:03:01.470751  ciaddr 0.0.0.0
00:03:01.470767  client id: 01 00 db 4f b5 1f c1
00:03:01.470776  params { 1 3 6 15 26 28 51 58 59 43 }
00:03:01.470847   57: 05 dc
00:03:01.470854   60: 'android-dhcp-9'
00:03:01.470865 > allocateAddress to client [01:00:db:4f:b5:1f:c1] (00:db:4f:b5:1f:c1)
00:03:01.470879 > .... creating new binding
00:03:01.470886 > .... allocated 172.16.1.4 free
00:03:01.470894 Lease time 600 secs (default)
00:03:01.470907 >>> requested option 1 (SubnetMask)
00:03:01.470914 ... always supplied
00:03:01.470921 >>> requested option 3 (Routers)
00:03:01.470928 ... found in GlobalConfig (type global)
00:03:01.470934 >>> requested option 6 (DNSes)
00:03:01.470941 ... found in GlobalConfig (type global)
00:03:01.470947 >>> requested option 15 (DomainName)
00:03:01.470954 ... not found
00:03:01.470960 >>> requested option 26 (InterfaceMTU)
00:03:01.470967 ... not found
00:03:01.470973 >>> requested option 28 (BroadcastAddress)
00:03:01.470979 ... not found
00:03:01.470985 >>> requested option 51 (LeaseTime)
00:03:01.470992 ... not found
00:03:01.470998 >>> requested option 58 (RenewalTime)
00:03:01.471004 ... not found
00:03:01.471010 >>> requested option 59 (RebindingTime)
00:03:01.471016 ... not found
00:03:01.471022 >>> requested option 43 (VendorSpecificInfo)
00:03:01.471029 ... not found
00:03:01.471039 encoding option 1 (SubnetMask)
00:03:01.471046 encoding option 3 (Routers)
00:03:01.471053 encoding option 6 (DNSes)
00:03:01.471060 encoding option 51 (LeaseTime)
00:03:01.471068 OFFER xid 0x3400ccd4 chaddr 00:db:4f:b5:1f:c1
00:03:01.471087  ciaddr 0.0.0.0 yiaddr 172.16.1.4
00:03:01.471106 encoded message: 548 bytes
00:03:01.471108 0000000000e5d4e0/0000: 02 01 06 00 d4 cc 00 34-00 00 00 00 00 00 00 00 .......4........
00:03:01.471117 0000000000e5d4f0/0010: ac 10 01 04 00 00 00 00-00 00 00 00 00 db 4f b5 ..............O.
00:03:01.471120 0000000000e5d500/0020: 1f c1 00 00 00 00 00 00-00 00 00 00 00 00 00 00 ................
00:03:01.471123 0000000000e5d510/0030: 00 00 00 00 00 00 00 00-00 00 00 00 00 00 00 00 ................
00:03:01.471125 0000000000e5d520/0040: 00 00 00 00 00 00 00 00-00 00 00 00 00 00 00 00 ................
00:03:01.471128 0000000000e5d530/0050: 00 00 00 00 00 00 00 00-00 00 00 00 00 00 00 00 ................
00:03:01.471130 0000000000e5d540/0060: 00 00 00 00 00 00 00 00-00 00 00 00 00 00 00 00 ................
00:03:01.471133 0000000000e5d550/0070: 00 00 00 00 00 00 00 00-00 00 00 00 00 00 00 00 ................
00:03:01.471135 0000000000e5d560/0080: 00 00 00 00 00 00 00 00-00 00 00 00 00 00 00 00 ................
00:03:01.471138 0000000000e5d570/0090: 00 00 00 00 00 00 00 00-00 00 00 00 00 00 00 00 ................
00:03:01.471140 0000000000e5d580/00a0: 00 00 00 00 00 00 00 00-00 00 00 00 00 00 00 00 ................
00:03:01.471143 0000000000e5d590/00b0: 00 00 00 00 00 00 00 00-00 00 00 00 00 00 00 00 ................
00:03:01.471145 0000000000e5d5a0/00c0: 00 00 00 00 00 00 00 00-00 00 00 00 00 00 00 00 ................
00:03:01.471148 0000000000e5d5b0/00d0: 00 00 00 00 00 00 00 00-00 00 00 00 00 00 00 00 ................
00:03:01.471150 0000000000e5d5c0/00e0: 00 00 00 00 00 00 00 00-00 00 00 00 63 82 53 63 ............c.Sc
00:03:01.471153 0000000000e5d5d0/00f0: 36 04 ac 10 01 03 35 01-02 01 04 ff ff ff 00 03 6.....5.........
00:03:01.471155 0000000000e5d5e0/0100: 04 ac 10 01 01 06 08 cb-71 83 02 cb 71 bc 08 33 ........q...q..3
00:03:01.471158 0000000000e5d5f0/0110: 04 00 00 02 58 ff 00 00-00 00 00 00 00 00 00 00 ....X...........
00:03:01.471161 0000000000e5d600/0120: 00 00 00 00 00 00 00 00-00 00 00 00 00 00 00 00 ................
00:03:01.471164 0000000000e5d610/0130: 00 00 00 00 00 00 00 00-00 00 00 00 00 00 00 00 ................
00:03:01.471166 0000000000e5d620/0140: 00 00 00 00 00 00 00 00-00 00 00 00 00 00 00 00 ................
00:03:01.471169 0000000000e5d630/0150: 00 00 00 00 00 00 00 00-00 00 00 00 00 00 00 00 ................
00:03:01.471172 0000000000e5d640/0160: 00 00 00 00 00 00 00 00-00 00 00 00 00 00 00 00 ................
00:03:01.471174 0000000000e5d650/0170: 00 00 00 00 00 00 00 00-00 00 00 00 00 00 00 00 ................
00:03:01.471177 0000000000e5d660/0180: 00 00 00 00 00 00 00 00-00 00 00 00 00 00 00 00 ................
00:03:01.471179 0000000000e5d670/0190: 00 00 00 00 00 00 00 00-00 00 00 00 00 00 00 00 ................
00:03:01.471182 0000000000e5d680/01a0: 00 00 00 00 00 00 00 00-00 00 00 00 00 00 00 00 ................
00:03:01.471184 0000000000e5d690/01b0: 00 00 00 00 00 00 00 00-00 00 00 00 00 00 00 00 ................
00:03:01.471187 0000000000e5d6a0/01c0: 00 00 00 00 00 00 00 00-00 00 00 00 00 00 00 00 ................
00:03:01.471189 0000000000e5d6b0/01d0: 00 00 00 00 00 00 00 00-00 00 00 00 00 00 00 00 ................
00:03:01.471192 0000000000e5d6c0/01e0: 00 00 00 00 00 00 00 00-00 00 00 00 00 00 00 00 ................
00:03:01.471194 0000000000e5d6d0/01f0: 00 00 00 00 00 00 00 00-00 00 00 00 00 00 00 00 ................
00:03:01.471197 0000000000e5d6e0/0200: 00 00 00 00 00 00 00 00-00 00 00 00 00 00 00 00 ................
00:03:01.471199 0000000000e5d6f0/0210: 00 00 00 00 00 00 00 00-00 00 00 00 00 00 00 00 ................
00:03:01.471202 0000000000e5d700/0220: 00 00 00 00                                     ....
00:03:01.525056 REQUEST xid 0x3400ccd4 chaddr 00:db:4f:b5:1f:c1
00:03:01.525107  ciaddr 0.0.0.0
00:03:01.525123  for server 172.16.1.3 client id: 01 00 db 4f b5 1f c1
00:03:01.525144  requested address 172.16.1.4
00:03:01.525161  params { 1 3 6 15 26 28 51 58 59 43 }
00:03:01.525259   54: ac 10 01 03
00:03:01.525268   57: 05 dc
00:03:01.525276   60: 'android-dhcp-9'
00:03:01.525289 > allocateAddress 172.16.1.4 to client [01:00:db:4f:b5:1f:c1] (00:db:4f:b5:1f:c1)
00:03:01.525303 > ... found existing binding 172.16.1.4 to [01:00:db:4f:b5:1f:c1] (00:db:4f:b5:1f:c1), offered, valid from 2024-07-25T05:13:26Z for 600s until 2024-07-25T05:23:26Z
00:03:01.525323 Lease time 600 secs (default)
00:03:01.525334 writing leases to C:\Users\Admin\.Ld9VirtualBox\LdNatNetwork3-Dhcpd.leases
00:03:01.533211 >>> requested option 1 (SubnetMask)
00:03:01.533235 ... always supplied
00:03:01.533246 >>> requested option 3 (Routers)
00:03:01.533256 ... found in GlobalConfig (type global)
00:03:01.533265 >>> requested option 6 (DNSes)
00:03:01.533273 ... found in GlobalConfig (type global)
00:03:01.533281 >>> requested option 15 (DomainName)
00:03:01.533290 ... not found
00:03:01.533297 >>> requested option 26 (InterfaceMTU)
00:03:01.533305 ... not found
00:03:01.533312 >>> requested option 28 (BroadcastAddress)
00:03:01.533320 ... not found
00:03:01.533327 >>> requested option 51 (LeaseTime)
00:03:01.533334 ... not found
00:03:01.533405 >>> requested option 58 (RenewalTime)
00:03:01.533420 ... not found
00:03:01.533428 >>> requested option 59 (RebindingTime)
00:03:01.533436 ... not found
00:03:01.533444 >>> requested option 43 (VendorSpecificInfo)
00:03:01.533452 ... not found
00:03:01.533468 encoding option 1 (SubnetMask)
00:03:01.533477 encoding option 3 (Routers)
00:03:01.533486 encoding option 6 (DNSes)
00:03:01.533494 encoding option 51 (LeaseTime)
00:03:01.533505 ACK xid 0x3400ccd4 chaddr 00:db:4f:b5:1f:c1
00:03:01.533531  ciaddr 0.0.0.0 yiaddr 172.16.1.4
00:03:01.533554 encoded message: 548 bytes
00:03:01.533556 00000000028130a0/0000: 02 01 06 00 d4 cc 00 34-00 00 00 00 00 00 00 00 .......4........
00:03:01.533561 00000000028130b0/0010: ac 10 01 04 00 00 00 00-00 00 00 00 00 db 4f b5 ..............O.
00:03:01.533565 00000000028130c0/0020: 1f c1 00 00 00 00 00 00-00 00 00 00 00 00 00 00 ................
00:03:01.533568 00000000028130d0/0030: 00 00 00 00 00 00 00 00-00 00 00 00 00 00 00 00 ................
00:03:01.533572 00000000028130e0/0040: 00 00 00 00 00 00 00 00-00 00 00 00 00 00 00 00 ................
00:03:01.533575 00000000028130f0/0050: 00 00 00 00 00 00 00 00-00 00 00 00 00 00 00 00 ................
00:03:01.533578 0000000002813100/0060: 00 00 00 00 00 00 00 00-00 00 00 00 00 00 00 00 ................
00:03:01.533581 0000000002813110/0070: 00 00 00 00 00 00 00 00-00 00 00 00 00 00 00 00 ................
00:03:01.533584 0000000002813120/0080: 00 00 00 00 00 00 00 00-00 00 00 00 00 00 00 00 ................
00:03:01.533588 0000000002813130/0090: 00 00 00 00 00 00 00 00-00 00 00 00 00 00 00 00 ................
00:03:01.533591 0000000002813140/00a0: 00 00 00 00 00 00 00 00-00 00 00 00 00 00 00 00 ................
00:03:01.533595 0000000002813150/00b0: 00 00 00 00 00 00 00 00-00 00 00 00 00 00 00 00 ................
00:03:01.533598 0000000002813160/00c0: 00 00 00 00 00 00 00 00-00 00 00 00 00 00 00 00 ................
00:03:01.533601 0000000002813170/00d0: 00 00 00 00 00 00 00 00-00 00 00 00 00 00 00 00 ................
00:03:01.533605 0000000002813180/00e0: 00 00 00 00 00 00 00 00-00 00 00 00 63 82 53 63 ............c.Sc
00:03:01.533608 0000000002813190/00f0: 36 04 ac 10 01 03 35 01-05 01 04 ff ff ff 00 03 6.....5.........
00:03:01.533612 00000000028131a0/0100: 04 ac 10 01 01 06 08 cb-71 83 02 cb 71 bc 08 33 ........q...q..3
00:03:01.533615 00000000028131b0/0110: 04 00 00 02 58 ff 00 00-00 00 00 00 00 00 00 00 ....X...........
00:03:01.533619 00000000028131c0/0120: 00 00 00 00 00 00 00 00-00 00 00 00 00 00 00 00 ................
00:03:01.533622 00000000028131d0/0130: 00 00 00 00 00 00 00 00-00 00 00 00 00 00 00 00 ................
00:03:01.533626 00000000028131e0/0140: 00 00 00 00 00 00 00 00-00 00 00 00 00 00 00 00 ................
00:03:01.533629 00000000028131f0/0150: 00 00 00 00 00 00 00 00-00 00 00 00 00 00 00 00 ................
00:03:01.533633 0000000002813200/0160: 00 00 00 00 00 00 00 00-00 00 00 00 00 00 00 00 ................
00:03:01.533636 0000000002813210/0170: 00 00 00 00 00 00 00 00-00 00 00 00 00 00 00 00 ................
00:03:01.533640 0000000002813220/0180: 00 00 00 00 00 00 00 00-00 00 00 00 00 00 00 00 ................
00:03:01.533644 0000000002813230/0190: 00 00 00 00 00 00 00 00-00 00 00 00 00 00 00 00 ................
00:03:01.533647 0000000002813240/01a0: 00 00 00 00 00 00 00 00-00 00 00 00 00 00 00 00 ................
00:03:01.533651 0000000002813250/01b0: 00 00 00 00 00 00 00 00-00 00 00 00 00 00 00 00 ................
00:03:01.533654 0000000002813260/01c0: 00 00 00 00 00 00 00 00-00 00 00 00 00 00 00 00 ................
00:03:01.533658 0000000002813270/01d0: 00 00 00 00 00 00 00 00-00 00 00 00 00 00 00 00 ................
00:03:01.533661 0000000002813280/01e0: 00 00 00 00 00 00 00 00-00 00 00 00 00 00 00 00 ................
00:03:01.533665 0000000002813290/01f0: 00 00 00 00 00 00 00 00-00 00 00 00 00 00 00 00 ................
00:03:01.533668 00000000028132a0/0200: 00 00 00 00 00 00 00 00-00 00 00 00 00 00 00 00 ................
00:03:01.533671 00000000028132b0/0210: 00 00 00 00 00 00 00 00-00 00 00 00 00 00 00 00 ................
00:03:01.533675 00000000028132c0/0220: 00 00 00 00                                     ....
