00:00:00.009885 VirtualBox NAT Network 4.1.34 r947490240 win.amd64 (Jul 26 2022 16:16:15) release log
00:00:00.009889 Log opened 2024-07-26T15:17:39.014808900Z
00:00:00.009890 Build Type: release
00:00:00.009898 OS Product: Windows 11
00:00:00.009900 OS Release: 10.0.22631
00:00:00.009901 OS Service Pack: 
00:00:00.039200 DMI Product Name: Nitro AN515-54
00:00:00.045415 DMI Product Version: V1.33
00:00:00.045429 Firmware type: UEFI
00:00:00.046029 Secure Boot: VERR_PRIVILEGE_NOT_HELD
00:00:00.046061 Host RAM: 16221MB (15.8GB) total, 7907MB (7.7GB) available
00:00:00.046069 Executable: C:\Program Files\ldplayer9box\VBoxNetNAT.exe
00:00:00.046070 Process ID: 13724
00:00:00.046071 Package type: WINDOWS_64BITS_GENERIC (OSE)
00:00:00.183748 SUP: seg #0: R   0x00000000 LB 0x00001000
00:00:00.183773 SUP: seg #1: R X 0x00001000 LB 0x00109000
00:00:00.183782 SUP: seg #2: R   0x0010a000 LB 0x0004a000
00:00:00.183791 SUP: seg #3: RW  0x00154000 LB 0x00013000
00:00:00.183799 SUP: seg #4: R   0x00167000 LB 0x0000e000
00:00:00.183808 SUP: seg #5: RW  0x00175000 LB 0x00003000
00:00:00.183817 SUP: seg #6: R   0x00178000 LB 0x0000b000
00:00:00.183825 SUP: seg #7: RWX 0x00183000 LB 0x00002000
00:00:00.183833 SUP: seg #8: R   0x00185000 LB 0x00007000
00:00:00.184331 SUP: Loaded Ld9VMMR0.r0 (C:\Program Files\ldplayer9box\Ld9VMMR0.r0) at 0xXXXXXXXXXXXXXXXX - ModuleInit at XXXXXXXXXXXXXXXX and ModuleTerm at XXXXXXXXXXXXXXXX using the native ring-0 loader
00:00:00.184351 SUP: VMMR0EntryEx located at XXXXXXXXXXXXXXXX and VMMR0EntryFast at XXXXXXXXXXXXXXXX
00:00:00.184357 SUP: windbg> .reload /f C:\Program Files\ldplayer9box\Ld9VMMR0.r0=0xXXXXXXXXXXXXXXXX
00:00:00.190290 netif NT0: mac 52:54:00:12:35:00
00:00:00.190317 netif NT0: inet 172.16.1.1 netmask 255.255.255.0
00:00:00.190328 netif NT0: inet6 fe80::5054:ff:fe12:3500
00:00:00.190343 netif NT0: inet6 fd17:625c:f037:1001::1
