00:00:00.196508 VirtualBox DHCP Server 4.1.34 r3999880888 win.amd64 (Jul 26 2022 16:16:05) release log
00:00:00.196511 Log opened 2024-07-26T15:17:39.195736400Z
00:00:00.196512 Build Type: release
00:00:00.196524 OS Product: Windows 11
00:00:00.196525 OS Release: 10.0.22631
00:00:00.196526 OS Service Pack: 
00:00:00.230491 DMI Product Name: Nitro AN515-54
00:00:00.256939 DMI Product Version: V1.33
00:00:00.256951 Firmware type: UEFI
00:00:00.257318 Secure Boot: VERR_PRIVILEGE_NOT_HELD
00:00:00.257341 Host RAM: 16221MB (15.8GB) total, 7881MB (7.6GB) available
00:00:00.257347 Executable: C:\Program Files\ldplayer9box\VBoxNetDHCP.exe
00:00:00.257347 Process ID: 2688
00:00:00.257348 Package type: WINDOWS_64BITS_GENERIC (OSE)
00:00:00.257476 --config:  LdNatNetwork0
00:00:00.257492 --comment: LdNatNetwork0
00:00:00.261025 IP address:   172.16.1.3/24
00:00:00.261045 Address pool: 172.16.1.4 - 172.16.1.254
00:00:00.261122 MAC address is not specified: will use generated MAC 08:00:27:04:ec:09
00:00:00.261143 Db::i_enterFixedAddressAssignment: 08:00:27:04:ec:09: 172.16.1.3
00:00:00.261163 loading leases from C:\Users\Admin\.Ld9VirtualBox\LdNatNetwork0-Dhcpd.leases
00:00:00.261492 > LOAD: EXPIRED lease 172.16.1.4 to [01:00:db:aa:fc:02:5a] (00:db:aa:fc:02:5a), expired, valid from 2024-07-26T15:04:23Z for 600s until 2024-07-26T15:14:23Z
00:00:08.374750 DISCOVER xid 0xf69d861f chaddr 00:db:aa:fc:02:5a
00:00:08.374808  ciaddr 0.0.0.0
00:00:08.374826  client id: 01 00 db aa fc 02 5a
00:00:08.374837  params { 1 3 6 15 26 28 51 58 59 43 }
00:00:08.374913   57: 05 dc
00:00:08.374921   60: 'android-dhcp-9'
00:00:08.374936 > allocateAddress to client [01:00:db:aa:fc:02:5a] (00:db:aa:fc:02:5a)
00:00:08.374950 > ... found existing binding 172.16.1.4 to [01:00:db:aa:fc:02:5a] (00:db:aa:fc:02:5a), expired, valid from 2024-07-26T15:04:23Z for 600s until 2024-07-26T15:14:23Z
00:00:08.374969 Lease time 600 secs (default)
00:00:08.374985 >>> requested option 1 (SubnetMask)
00:00:08.374994 ... always supplied
00:00:08.374999 >>> requested option 3 (Routers)
00:00:08.375005 ... found in GlobalConfig (type global)
00:00:08.375010 >>> requested option 6 (DNSes)
00:00:08.375016 ... found in GlobalConfig (type global)
00:00:08.375021 >>> requested option 15 (DomainName)
00:00:08.375026 ... not found
00:00:08.375031 >>> requested option 26 (InterfaceMTU)
00:00:08.375036 ... not found
00:00:08.375041 >>> requested option 28 (BroadcastAddress)
00:00:08.375046 ... not found
00:00:08.375050 >>> requested option 51 (LeaseTime)
00:00:08.375055 ... not found
00:00:08.375060 >>> requested option 58 (RenewalTime)
00:00:08.375065 ... not found
00:00:08.375070 >>> requested option 59 (RebindingTime)
00:00:08.375075 ... not found
00:00:08.375079 >>> requested option 43 (VendorSpecificInfo)
00:00:08.375084 ... not found
00:00:08.375094 encoding option 1 (SubnetMask)
00:00:08.375099 encoding option 3 (Routers)
00:00:08.375104 encoding option 6 (DNSes)
00:00:08.375109 encoding option 51 (LeaseTime)
00:00:08.375115 OFFER xid 0xf69d861f chaddr 00:db:aa:fc:02:5a
00:00:08.375131  ciaddr 0.0.0.0 yiaddr 172.16.1.4
00:00:08.375146 encoded message: 548 bytes
00:00:08.375147 0000000000da1e20/0000: 02 01 06 00 1f 86 9d f6-00 00 00 00 00 00 00 00 ................
00:00:08.375155 0000000000da1e30/0010: ac 10 01 04 00 00 00 00-00 00 00 00 00 db aa fc ................
00:00:08.375157 0000000000da1e40/0020: 02 5a 00 00 00 00 00 00-00 00 00 00 00 00 00 00 .Z..............
00:00:08.375159 0000000000da1e50/0030: 00 00 00 00 00 00 00 00-00 00 00 00 00 00 00 00 ................
00:00:08.375160 0000000000da1e60/0040: 00 00 00 00 00 00 00 00-00 00 00 00 00 00 00 00 ................
00:00:08.375162 0000000000da1e70/0050: 00 00 00 00 00 00 00 00-00 00 00 00 00 00 00 00 ................
00:00:08.375164 0000000000da1e80/0060: 00 00 00 00 00 00 00 00-00 00 00 00 00 00 00 00 ................
00:00:08.375166 0000000000da1e90/0070: 00 00 00 00 00 00 00 00-00 00 00 00 00 00 00 00 ................
00:00:08.375167 0000000000da1ea0/0080: 00 00 00 00 00 00 00 00-00 00 00 00 00 00 00 00 ................
00:00:08.375169 0000000000da1eb0/0090: 00 00 00 00 00 00 00 00-00 00 00 00 00 00 00 00 ................
00:00:08.375171 0000000000da1ec0/00a0: 00 00 00 00 00 00 00 00-00 00 00 00 00 00 00 00 ................
00:00:08.375173 0000000000da1ed0/00b0: 00 00 00 00 00 00 00 00-00 00 00 00 00 00 00 00 ................
00:00:08.375174 0000000000da1ee0/00c0: 00 00 00 00 00 00 00 00-00 00 00 00 00 00 00 00 ................
00:00:08.375176 0000000000da1ef0/00d0: 00 00 00 00 00 00 00 00-00 00 00 00 00 00 00 00 ................
00:00:08.375178 0000000000da1f00/00e0: 00 00 00 00 00 00 00 00-00 00 00 00 63 82 53 63 ............c.Sc
00:00:08.375180 0000000000da1f10/00f0: 36 04 ac 10 01 03 35 01-02 01 04 ff ff ff 00 03 6.....5.........
00:00:08.375182 0000000000da1f20/0100: 04 ac 10 01 01 06 04 c0-a8 01 01 33 04 00 00 02 ...........3....
00:00:08.375184 0000000000da1f30/0110: 58 ff 00 00 00 00 00 00-00 00 00 00 00 00 00 00 X...............
00:00:08.375185 0000000000da1f40/0120: 00 00 00 00 00 00 00 00-00 00 00 00 00 00 00 00 ................
00:00:08.375187 0000000000da1f50/0130: 00 00 00 00 00 00 00 00-00 00 00 00 00 00 00 00 ................
00:00:08.375189 0000000000da1f60/0140: 00 00 00 00 00 00 00 00-00 00 00 00 00 00 00 00 ................
00:00:08.375191 0000000000da1f70/0150: 00 00 00 00 00 00 00 00-00 00 00 00 00 00 00 00 ................
00:00:08.375192 0000000000da1f80/0160: 00 00 00 00 00 00 00 00-00 00 00 00 00 00 00 00 ................
00:00:08.375194 0000000000da1f90/0170: 00 00 00 00 00 00 00 00-00 00 00 00 00 00 00 00 ................
00:00:08.375196 0000000000da1fa0/0180: 00 00 00 00 00 00 00 00-00 00 00 00 00 00 00 00 ................
00:00:08.375198 0000000000da1fb0/0190: 00 00 00 00 00 00 00 00-00 00 00 00 00 00 00 00 ................
00:00:08.375199 0000000000da1fc0/01a0: 00 00 00 00 00 00 00 00-00 00 00 00 00 00 00 00 ................
00:00:08.375201 0000000000da1fd0/01b0: 00 00 00 00 00 00 00 00-00 00 00 00 00 00 00 00 ................
00:00:08.375203 0000000000da1fe0/01c0: 00 00 00 00 00 00 00 00-00 00 00 00 00 00 00 00 ................
00:00:08.375205 0000000000da1ff0/01d0: 00 00 00 00 00 00 00 00-00 00 00 00 00 00 00 00 ................
00:00:08.375206 0000000000da2000/01e0: 00 00 00 00 00 00 00 00-00 00 00 00 00 00 00 00 ................
00:00:08.375208 0000000000da2010/01f0: 00 00 00 00 00 00 00 00-00 00 00 00 00 00 00 00 ................
00:00:08.375210 0000000000da2020/0200: 00 00 00 00 00 00 00 00-00 00 00 00 00 00 00 00 ................
00:00:08.375212 0000000000da2030/0210: 00 00 00 00 00 00 00 00-00 00 00 00 00 00 00 00 ................
00:00:08.375213 0000000000da2040/0220: 00 00 00 00                                     ....
00:00:08.377189 REQUEST xid 0xf69d861f chaddr 00:db:aa:fc:02:5a
00:00:08.377235  ciaddr 0.0.0.0
00:00:08.377250  for server 172.16.1.3 client id: 01 00 db aa fc 02 5a
00:00:08.377271  requested address 172.16.1.4
00:00:08.377287  params { 1 3 6 15 26 28 51 58 59 43 }
00:00:08.377361   54: ac 10 01 03
00:00:08.377369   57: 05 dc
00:00:08.377376   60: 'android-dhcp-9'
00:00:08.377389 > allocateAddress 172.16.1.4 to client [01:00:db:aa:fc:02:5a] (00:db:aa:fc:02:5a)
00:00:08.377403 > ... found existing binding 172.16.1.4 to [01:00:db:aa:fc:02:5a] (00:db:aa:fc:02:5a), offered, valid from 2024-07-26T15:17:47Z for 600s until 2024-07-26T15:27:47Z
00:00:08.377421 Lease time 600 secs (default)
00:00:08.377429 writing leases to C:\Users\Admin\.Ld9VirtualBox\LdNatNetwork0-Dhcpd.leases
00:00:08.383391 >>> requested option 1 (SubnetMask)
00:00:08.383412 ... always supplied
00:00:08.383421 >>> requested option 3 (Routers)
00:00:08.383429 ... found in GlobalConfig (type global)
00:00:08.383437 >>> requested option 6 (DNSes)
00:00:08.383444 ... found in GlobalConfig (type global)
00:00:08.383452 >>> requested option 15 (DomainName)
00:00:08.383460 ... not found
00:00:08.383467 >>> requested option 26 (InterfaceMTU)
00:00:08.383474 ... not found
00:00:08.383481 >>> requested option 28 (BroadcastAddress)
00:00:08.383493 ... not found
00:00:08.383503 >>> requested option 51 (LeaseTime)
00:00:08.383510 ... not found
00:00:08.383517 >>> requested option 58 (RenewalTime)
00:00:08.383524 ... not found
00:00:08.383531 >>> requested option 59 (RebindingTime)
00:00:08.383538 ... not found
00:00:08.383544 >>> requested option 43 (VendorSpecificInfo)
00:00:08.383551 ... not found
00:00:08.383565 encoding option 1 (SubnetMask)
00:00:08.383573 encoding option 3 (Routers)
00:00:08.383581 encoding option 6 (DNSes)
00:00:08.383588 encoding option 51 (LeaseTime)
00:00:08.383597 ACK xid 0xf69d861f chaddr 00:db:aa:fc:02:5a
00:00:08.383620  ciaddr 0.0.0.0 yiaddr 172.16.1.4
00:00:08.383642 encoded message: 548 bytes
00:00:08.383643 0000000000d7eb20/0000: 02 01 06 00 1f 86 9d f6-00 00 00 00 00 00 00 00 ................
00:00:08.383649 0000000000d7eb30/0010: ac 10 01 04 00 00 00 00-00 00 00 00 00 db aa fc ................
00:00:08.383654 0000000000d7eb40/0020: 02 5a 00 00 00 00 00 00-00 00 00 00 00 00 00 00 .Z..............
00:00:08.383658 0000000000d7eb50/0030: 00 00 00 00 00 00 00 00-00 00 00 00 00 00 00 00 ................
00:00:08.383663 0000000000d7eb60/0040: 00 00 00 00 00 00 00 00-00 00 00 00 00 00 00 00 ................
00:00:08.383667 0000000000d7eb70/0050: 00 00 00 00 00 00 00 00-00 00 00 00 00 00 00 00 ................
00:00:08.383671 0000000000d7eb80/0060: 00 00 00 00 00 00 00 00-00 00 00 00 00 00 00 00 ................
00:00:08.383676 0000000000d7eb90/0070: 00 00 00 00 00 00 00 00-00 00 00 00 00 00 00 00 ................
00:00:08.383680 0000000000d7eba0/0080: 00 00 00 00 00 00 00 00-00 00 00 00 00 00 00 00 ................
00:00:08.383684 0000000000d7ebb0/0090: 00 00 00 00 00 00 00 00-00 00 00 00 00 00 00 00 ................
00:00:08.383689 0000000000d7ebc0/00a0: 00 00 00 00 00 00 00 00-00 00 00 00 00 00 00 00 ................
00:00:08.383693 0000000000d7ebd0/00b0: 00 00 00 00 00 00 00 00-00 00 00 00 00 00 00 00 ................
00:00:08.383697 0000000000d7ebe0/00c0: 00 00 00 00 00 00 00 00-00 00 00 00 00 00 00 00 ................
00:00:08.383702 0000000000d7ebf0/00d0: 00 00 00 00 00 00 00 00-00 00 00 00 00 00 00 00 ................
00:00:08.383706 0000000000d7ec00/00e0: 00 00 00 00 00 00 00 00-00 00 00 00 63 82 53 63 ............c.Sc
00:00:08.383710 0000000000d7ec10/00f0: 36 04 ac 10 01 03 35 01-05 01 04 ff ff ff 00 03 6.....5.........
00:00:08.383715 0000000000d7ec20/0100: 04 ac 10 01 01 06 04 c0-a8 01 01 33 04 00 00 02 ...........3....
00:00:08.383720 0000000000d7ec30/0110: 58 ff 00 00 00 00 00 00-00 00 00 00 00 00 00 00 X...............
00:00:08.383724 0000000000d7ec40/0120: 00 00 00 00 00 00 00 00-00 00 00 00 00 00 00 00 ................
00:00:08.383728 0000000000d7ec50/0130: 00 00 00 00 00 00 00 00-00 00 00 00 00 00 00 00 ................
00:00:08.383732 0000000000d7ec60/0140: 00 00 00 00 00 00 00 00-00 00 00 00 00 00 00 00 ................
00:00:08.383736 0000000000d7ec70/0150: 00 00 00 00 00 00 00 00-00 00 00 00 00 00 00 00 ................
00:00:08.383740 0000000000d7ec80/0160: 00 00 00 00 00 00 00 00-00 00 00 00 00 00 00 00 ................
00:00:08.383744 0000000000d7ec90/0170: 00 00 00 00 00 00 00 00-00 00 00 00 00 00 00 00 ................
00:00:08.383748 0000000000d7eca0/0180: 00 00 00 00 00 00 00 00-00 00 00 00 00 00 00 00 ................
00:00:08.383752 0000000000d7ecb0/0190: 00 00 00 00 00 00 00 00-00 00 00 00 00 00 00 00 ................
00:00:08.383755 0000000000d7ecc0/01a0: 00 00 00 00 00 00 00 00-00 00 00 00 00 00 00 00 ................
00:00:08.383759 0000000000d7ecd0/01b0: 00 00 00 00 00 00 00 00-00 00 00 00 00 00 00 00 ................
00:00:08.383763 0000000000d7ece0/01c0: 00 00 00 00 00 00 00 00-00 00 00 00 00 00 00 00 ................
00:00:08.383768 0000000000d7ecf0/01d0: 00 00 00 00 00 00 00 00-00 00 00 00 00 00 00 00 ................
00:00:08.383772 0000000000d7ed00/01e0: 00 00 00 00 00 00 00 00-00 00 00 00 00 00 00 00 ................
00:00:08.383776 0000000000d7ed10/01f0: 00 00 00 00 00 00 00 00-00 00 00 00 00 00 00 00 ................
00:00:08.383780 0000000000d7ed20/0200: 00 00 00 00 00 00 00 00-00 00 00 00 00 00 00 00 ................
00:00:08.383784 0000000000d7ed30/0210: 00 00 00 00 00 00 00 00-00 00 00 00 00 00 00 00 ................
00:00:08.383787 0000000000d7ed40/0220: 00 00 00 00                                     ....
00:05:08.405082 REQUEST xid 0x75de475a chaddr 00:db:aa:fc:02:5a
00:05:08.405112  ciaddr 172.16.1.4
00:05:08.405121  client id: 01 00 db aa fc 02 5a
00:05:08.405127  params { 1 3 6 15 26 28 51 58 59 43 }
00:05:08.405168   57: 05 dc
00:05:08.405173   60: 'android-dhcp-9'
00:05:08.405179 > allocateAddress to client [01:00:db:aa:fc:02:5a] (00:db:aa:fc:02:5a)
00:05:08.405186 > ... found existing binding 172.16.1.4 to [01:00:db:aa:fc:02:5a] (00:db:aa:fc:02:5a), acked, valid from 2024-07-26T15:17:47Z for 600s until 2024-07-26T15:27:47Z
00:05:08.405195 Lease time 600 secs (default)
00:05:08.405200 writing leases to C:\Users\Admin\.Ld9VirtualBox\LdNatNetwork0-Dhcpd.leases
00:05:08.409504 >>> requested option 1 (SubnetMask)
00:05:08.409518 ... always supplied
00:05:08.409522 >>> requested option 3 (Routers)
00:05:08.409526 ... found in GlobalConfig (type global)
00:05:08.409530 >>> requested option 6 (DNSes)
00:05:08.409534 ... found in GlobalConfig (type global)
00:05:08.409538 >>> requested option 15 (DomainName)
00:05:08.409542 ... not found
00:05:08.409545 >>> requested option 26 (InterfaceMTU)
00:05:08.409549 ... not found
00:05:08.409552 >>> requested option 28 (BroadcastAddress)
00:05:08.409556 ... not found
00:05:08.409559 >>> requested option 51 (LeaseTime)
00:05:08.409563 ... not found
00:05:08.409566 >>> requested option 58 (RenewalTime)
00:05:08.409570 ... not found
00:05:08.409573 >>> requested option 59 (RebindingTime)
00:05:08.409577 ... not found
00:05:08.409580 >>> requested option 43 (VendorSpecificInfo)
00:05:08.409584 ... not found
00:05:08.409591 encoding option 1 (SubnetMask)
00:05:08.409595 encoding option 3 (Routers)
00:05:08.409599 encoding option 6 (DNSes)
00:05:08.409602 encoding option 51 (LeaseTime)
00:05:08.409607 ACK xid 0x75de475a chaddr 00:db:aa:fc:02:5a
00:05:08.409619  ciaddr 172.16.1.4 yiaddr 172.16.1.4
00:05:08.409631 encoded message: 548 bytes
00:05:08.409632 0000000000d7ecc0/0000: 02 01 06 00 5a 47 de 75-00 00 00 00 ac 10 01 04 ....ZG.u........
00:05:08.409634 0000000000d7ecd0/0010: ac 10 01 04 00 00 00 00-00 00 00 00 00 db aa fc ................
00:05:08.409636 0000000000d7ece0/0020: 02 5a 00 00 00 00 00 00-00 00 00 00 00 00 00 00 .Z..............
00:05:08.409637 0000000000d7ecf0/0030: 00 00 00 00 00 00 00 00-00 00 00 00 00 00 00 00 ................
00:05:08.409638 0000000000d7ed00/0040: 00 00 00 00 00 00 00 00-00 00 00 00 00 00 00 00 ................
00:05:08.409640 0000000000d7ed10/0050: 00 00 00 00 00 00 00 00-00 00 00 00 00 00 00 00 ................
00:05:08.409641 0000000000d7ed20/0060: 00 00 00 00 00 00 00 00-00 00 00 00 00 00 00 00 ................
00:05:08.409642 0000000000d7ed30/0070: 00 00 00 00 00 00 00 00-00 00 00 00 00 00 00 00 ................
00:05:08.409644 0000000000d7ed40/0080: 00 00 00 00 00 00 00 00-00 00 00 00 00 00 00 00 ................
00:05:08.409645 0000000000d7ed50/0090: 00 00 00 00 00 00 00 00-00 00 00 00 00 00 00 00 ................
00:05:08.409646 0000000000d7ed60/00a0: 00 00 00 00 00 00 00 00-00 00 00 00 00 00 00 00 ................
00:05:08.409648 0000000000d7ed70/00b0: 00 00 00 00 00 00 00 00-00 00 00 00 00 00 00 00 ................
00:05:08.409649 0000000000d7ed80/00c0: 00 00 00 00 00 00 00 00-00 00 00 00 00 00 00 00 ................
00:05:08.409650 0000000000d7ed90/00d0: 00 00 00 00 00 00 00 00-00 00 00 00 00 00 00 00 ................
00:05:08.409651 0000000000d7eda0/00e0: 00 00 00 00 00 00 00 00-00 00 00 00 63 82 53 63 ............c.Sc
00:05:08.409653 0000000000d7edb0/00f0: 36 04 ac 10 01 03 35 01-05 01 04 ff ff ff 00 03 6.....5.........
00:05:08.409654 0000000000d7edc0/0100: 04 ac 10 01 01 06 04 c0-a8 01 01 33 04 00 00 02 ...........3....
00:05:08.409656 0000000000d7edd0/0110: 58 ff 00 00 00 00 00 00-00 00 00 00 00 00 00 00 X...............
00:05:08.409657 0000000000d7ede0/0120: 00 00 00 00 00 00 00 00-00 00 00 00 00 00 00 00 ................
00:05:08.409658 0000000000d7edf0/0130: 00 00 00 00 00 00 00 00-00 00 00 00 00 00 00 00 ................
00:05:08.409660 0000000000d7ee00/0140: 00 00 00 00 00 00 00 00-00 00 00 00 00 00 00 00 ................
00:05:08.409661 0000000000d7ee10/0150: 00 00 00 00 00 00 00 00-00 00 00 00 00 00 00 00 ................
00:05:08.409662 0000000000d7ee20/0160: 00 00 00 00 00 00 00 00-00 00 00 00 00 00 00 00 ................
00:05:08.409664 0000000000d7ee30/0170: 00 00 00 00 00 00 00 00-00 00 00 00 00 00 00 00 ................
00:05:08.409665 0000000000d7ee40/0180: 00 00 00 00 00 00 00 00-00 00 00 00 00 00 00 00 ................
00:05:08.409666 0000000000d7ee50/0190: 00 00 00 00 00 00 00 00-00 00 00 00 00 00 00 00 ................
00:05:08.409668 0000000000d7ee60/01a0: 00 00 00 00 00 00 00 00-00 00 00 00 00 00 00 00 ................
00:05:08.409669 0000000000d7ee70/01b0: 00 00 00 00 00 00 00 00-00 00 00 00 00 00 00 00 ................
00:05:08.409670 0000000000d7ee80/01c0: 00 00 00 00 00 00 00 00-00 00 00 00 00 00 00 00 ................
00:05:08.409671 0000000000d7ee90/01d0: 00 00 00 00 00 00 00 00-00 00 00 00 00 00 00 00 ................
00:05:08.409673 0000000000d7eea0/01e0: 00 00 00 00 00 00 00 00-00 00 00 00 00 00 00 00 ................
00:05:08.409674 0000000000d7eeb0/01f0: 00 00 00 00 00 00 00 00-00 00 00 00 00 00 00 00 ................
00:05:08.409675 0000000000d7eec0/0200: 00 00 00 00 00 00 00 00-00 00 00 00 00 00 00 00 ................
00:05:08.409677 0000000000d7eed0/0210: 00 00 00 00 00 00 00 00-00 00 00 00 00 00 00 00 ................
00:05:08.409678 0000000000d7eee0/0220: 00 00 00 00                                     ....
