00:00:00.205487 VirtualBox NAT Network 4.1.34 r1224445376 win.amd64 (Jul 26 2022 16:16:15) release log
00:00:00.205491 Log opened 2024-07-25T05:10:24.661786100Z
00:00:00.205492 Build Type: release
00:00:00.205499 OS Product: Windows 11
00:00:00.205501 OS Release: 10.0.22631
00:00:00.205502 OS Service Pack: 
00:00:03.145524 DMI Product Name: Nitro AN515-54
00:00:04.530548 DMI Product Version: V1.33
00:00:04.531120 Firmware type: UEFI
00:00:04.544490 Secure Boot: VERR_PRIVILEGE_NOT_HELD
00:00:04.544535 Host RAM: 16221MB (15.8GB) total, 2906MB (2.8GB) available
00:00:04.544546 Executable: C:\Program Files\ldplayer9box\VBoxNetNAT.exe
00:00:04.544548 Process ID: 16264
00:00:04.544549 Package type: WINDOWS_64BITS_GENERIC (OSE)
00:00:05.153837 SUP: Opened Ld9VMMR0.r0 (C:\Program Files\ldplayer9box\Ld9VMMR0.r0) at 0xXXXXXXXXXXXXXXXX loaded by the native ring-0 loader.
00:00:05.153914 SUP: windbg> .reload /f C:\Program Files\ldplayer9box\Ld9VMMR0.r0=0xXXXXXXXXXXXXXXXX
00:00:05.182629 netif NT0: mac 52:54:00:12:35:00
00:00:05.182736 netif NT0: inet 172.16.1.1 netmask 255.255.255.0
00:00:05.182815 netif NT0: inet6 fe80::5054:ff:fe12:3500
00:00:05.182935 netif NT0: inet6 fd17:625c:f037:1001::1
