00:00:00.015329 VirtualBox NAT Network 4.1.34 r1224445376 win.amd64 (Jul 26 2022 16:16:15) release log
00:00:00.015332 Log opened 2024-07-25T05:20:06.313687200Z
00:00:00.015334 Build Type: release
00:00:00.015341 OS Product: Windows 11
00:00:00.015343 OS Release: 10.0.22631
00:00:00.015344 OS Service Pack: 
00:00:00.061768 DMI Product Name: Nitro AN515-54
00:00:00.076688 DMI Product Version: V1.33
00:00:00.076708 Firmware type: UEFI
00:00:00.077617 Secure Boot: VERR_PRIVILEGE_NOT_HELD
00:00:00.077673 Host RAM: 16221MB (15.8GB) total, 8054MB (7.8GB) available
00:00:00.077682 Executable: C:\Program Files\ldplayer9box\VBoxNetNAT.exe
00:00:00.077684 Process ID: 14508
00:00:00.077685 Package type: WINDOWS_64BITS_GENERIC (OSE)
00:00:00.143767 SUP: Opened Ld9VMMR0.r0 (C:\Program Files\ldplayer9box\Ld9VMMR0.r0) at 0xXXXXXXXXXXXXXXXX loaded by the native ring-0 loader.
00:00:00.143767 SUP: windbg> .reload /f C:\Program Files\ldplayer9box\Ld9VMMR0.r0=0xXXXXXXXXXXXXXXXX
00:00:00.167634 netif NT0: mac 52:54:00:12:35:00
00:00:00.167677 netif NT0: inet 172.16.1.1 netmask 255.255.255.0
00:00:00.167690 netif NT0: inet6 fe80::5054:ff:fe12:3500
00:00:00.167706 netif NT0: inet6 fd17:625c:f037:1001::1
