00:00:00.003895 VirtualBox DHCP Server 4.1.34 r915953336 win.amd64 (Jul 26 2022 16:16:05) release log
00:00:00.003899 Log opened 2024-07-25T05:11:59.591827700Z
00:00:00.003901 Build Type: release
00:00:00.003912 OS Product: Windows 11
00:00:00.003914 OS Release: 10.0.22631
00:00:00.003915 OS Service Pack: 
00:00:03.335352 DMI Product Name: Nitro AN515-54
00:00:04.737340 DMI Product Version: V1.33
00:00:04.737511 Firmware type: UEFI
00:00:04.738140 Secure Boot: VERR_PRIVILEGE_NOT_HELD
00:00:04.738283 Host RAM: 16221MB (15.8GB) total, 1565MB available
00:00:04.738293 Executable: C:\Program Files\ldplayer9box\VBoxNetDHCP.exe
00:00:04.738294 Process ID: 10864
00:00:04.738295 Package type: WINDOWS_64BITS_GENERIC (OSE)
00:00:04.738665 --config:  LdNatNetwork4
00:00:04.738756 --comment: LdNatNetwork4
00:00:04.762046 IP address:   172.16.1.3/24
00:00:04.762070 Address pool: 172.16.1.4 - 172.16.1.254
00:00:04.762116 MAC address is not specified: will use generated MAC 08:00:27:d5:a9:d2
00:00:04.762128 Db::i_enterFixedAddressAssignment: 08:00:27:d5:a9:d2: 172.16.1.3
00:00:04.762140 loading leases from C:\Users\Admin\.Ld9VirtualBox\LdNatNetwork4-Dhcpd.leases
00:00:04.762280 Runtime error opening 'C:\Users\Admin\.Ld9VirtualBox\LdNatNetwork4-Dhcpd.leases' for reading: -102 (File not found.)
00:03:28.518228 DISCOVER xid 0x198fc5d4 chaddr 00:db:d2:14:60:e1
00:03:28.518319  ciaddr 0.0.0.0
00:03:28.518338  client id: 01 00 db d2 14 60 e1
00:03:28.518350  params { 1 3 6 15 26 28 51 58 59 43 }
00:03:28.518433   57: 05 dc
00:03:28.518443   60: 'android-dhcp-9'
00:03:28.518457 > allocateAddress to client [01:00:db:d2:14:60:e1] (00:db:d2:14:60:e1)
00:03:28.518475 > .... creating new binding
00:03:28.518483 > .... allocated 172.16.1.4 free
00:03:28.518491 Lease time 600 secs (default)
00:03:28.518504 >>> requested option 1 (SubnetMask)
00:03:28.518511 ... always supplied
00:03:28.518517 >>> requested option 3 (Routers)
00:03:28.518524 ... found in GlobalConfig (type global)
00:03:28.518532 >>> requested option 6 (DNSes)
00:03:28.518538 ... found in GlobalConfig (type global)
00:03:28.518545 >>> requested option 15 (DomainName)
00:03:28.518552 ... not found
00:03:28.518558 >>> requested option 26 (InterfaceMTU)
00:03:28.518564 ... not found
00:03:28.518570 >>> requested option 28 (BroadcastAddress)
00:03:28.518577 ... not found
00:03:28.518583 >>> requested option 51 (LeaseTime)
00:03:28.518589 ... not found
00:03:28.518595 >>> requested option 58 (RenewalTime)
00:03:28.518601 ... not found
00:03:28.518607 >>> requested option 59 (RebindingTime)
00:03:28.518613 ... not found
00:03:28.518620 >>> requested option 43 (VendorSpecificInfo)
00:03:28.518626 ... not found
00:03:28.518638 encoding option 1 (SubnetMask)
00:03:28.518645 encoding option 3 (Routers)
00:03:28.518652 encoding option 6 (DNSes)
00:03:28.518659 encoding option 51 (LeaseTime)
00:03:28.518667 OFFER xid 0x198fc5d4 chaddr 00:db:d2:14:60:e1
00:03:28.518701  ciaddr 0.0.0.0 yiaddr 172.16.1.4
00:03:28.518719 encoded message: 548 bytes
00:03:28.518721 0000000000bde290/0000: 02 01 06 00 d4 c5 8f 19-00 00 00 00 00 00 00 00 ................
00:03:28.518728 0000000000bde2a0/0010: ac 10 01 04 00 00 00 00-00 00 00 00 00 db d2 14 ................
00:03:28.518731 0000000000bde2b0/0020: 60 e1 00 00 00 00 00 00-00 00 00 00 00 00 00 00 `...............
00:03:28.518734 0000000000bde2c0/0030: 00 00 00 00 00 00 00 00-00 00 00 00 00 00 00 00 ................
00:03:28.518736 0000000000bde2d0/0040: 00 00 00 00 00 00 00 00-00 00 00 00 00 00 00 00 ................
00:03:28.518739 0000000000bde2e0/0050: 00 00 00 00 00 00 00 00-00 00 00 00 00 00 00 00 ................
00:03:28.518741 0000000000bde2f0/0060: 00 00 00 00 00 00 00 00-00 00 00 00 00 00 00 00 ................
00:03:28.518744 0000000000bde300/0070: 00 00 00 00 00 00 00 00-00 00 00 00 00 00 00 00 ................
00:03:28.518746 0000000000bde310/0080: 00 00 00 00 00 00 00 00-00 00 00 00 00 00 00 00 ................
00:03:28.518748 0000000000bde320/0090: 00 00 00 00 00 00 00 00-00 00 00 00 00 00 00 00 ................
00:03:28.518751 0000000000bde330/00a0: 00 00 00 00 00 00 00 00-00 00 00 00 00 00 00 00 ................
00:03:28.518753 0000000000bde340/00b0: 00 00 00 00 00 00 00 00-00 00 00 00 00 00 00 00 ................
00:03:28.518756 0000000000bde350/00c0: 00 00 00 00 00 00 00 00-00 00 00 00 00 00 00 00 ................
00:03:28.518758 0000000000bde360/00d0: 00 00 00 00 00 00 00 00-00 00 00 00 00 00 00 00 ................
00:03:28.518761 0000000000bde370/00e0: 00 00 00 00 00 00 00 00-00 00 00 00 63 82 53 63 ............c.Sc
00:03:28.518763 0000000000bde380/00f0: 36 04 ac 10 01 03 35 01-02 01 04 ff ff ff 00 03 6.....5.........
00:03:28.518766 0000000000bde390/0100: 04 ac 10 01 01 06 08 cb-71 83 02 cb 71 bc 08 33 ........q...q..3
00:03:28.518769 0000000000bde3a0/0110: 04 00 00 02 58 ff 00 00-00 00 00 00 00 00 00 00 ....X...........
00:03:28.518771 0000000000bde3b0/0120: 00 00 00 00 00 00 00 00-00 00 00 00 00 00 00 00 ................
00:03:28.518774 0000000000bde3c0/0130: 00 00 00 00 00 00 00 00-00 00 00 00 00 00 00 00 ................
00:03:28.518776 0000000000bde3d0/0140: 00 00 00 00 00 00 00 00-00 00 00 00 00 00 00 00 ................
00:03:28.518779 0000000000bde3e0/0150: 00 00 00 00 00 00 00 00-00 00 00 00 00 00 00 00 ................
00:03:28.518781 0000000000bde3f0/0160: 00 00 00 00 00 00 00 00-00 00 00 00 00 00 00 00 ................
00:03:28.518784 0000000000bde400/0170: 00 00 00 00 00 00 00 00-00 00 00 00 00 00 00 00 ................
00:03:28.518786 0000000000bde410/0180: 00 00 00 00 00 00 00 00-00 00 00 00 00 00 00 00 ................
00:03:28.518788 0000000000bde420/0190: 00 00 00 00 00 00 00 00-00 00 00 00 00 00 00 00 ................
00:03:28.518791 0000000000bde430/01a0: 00 00 00 00 00 00 00 00-00 00 00 00 00 00 00 00 ................
00:03:28.518793 0000000000bde440/01b0: 00 00 00 00 00 00 00 00-00 00 00 00 00 00 00 00 ................
00:03:28.518796 0000000000bde450/01c0: 00 00 00 00 00 00 00 00-00 00 00 00 00 00 00 00 ................
00:03:28.518798 0000000000bde460/01d0: 00 00 00 00 00 00 00 00-00 00 00 00 00 00 00 00 ................
00:03:28.518801 0000000000bde470/01e0: 00 00 00 00 00 00 00 00-00 00 00 00 00 00 00 00 ................
00:03:28.518803 0000000000bde480/01f0: 00 00 00 00 00 00 00 00-00 00 00 00 00 00 00 00 ................
00:03:28.518805 0000000000bde490/0200: 00 00 00 00 00 00 00 00-00 00 00 00 00 00 00 00 ................
00:03:28.518808 0000000000bde4a0/0210: 00 00 00 00 00 00 00 00-00 00 00 00 00 00 00 00 ................
00:03:28.518810 0000000000bde4b0/0220: 00 00 00 00                                     ....
00:03:28.532533 REQUEST xid 0x198fc5d4 chaddr 00:db:d2:14:60:e1
00:03:28.532585  ciaddr 0.0.0.0
00:03:28.532599  for server 172.16.1.3 client id: 01 00 db d2 14 60 e1
00:03:28.532617  requested address 172.16.1.4
00:03:28.532631  params { 1 3 6 15 26 28 51 58 59 43 }
00:03:28.532698   54: ac 10 01 03
00:03:28.532705   57: 05 dc
00:03:28.532712   60: 'android-dhcp-9'
00:03:28.532722 > allocateAddress 172.16.1.4 to client [01:00:db:d2:14:60:e1] (00:db:d2:14:60:e1)
00:03:28.532733 > ... found existing binding 172.16.1.4 to [01:00:db:d2:14:60:e1] (00:db:d2:14:60:e1), offered, valid from 2024-07-25T05:15:28Z for 600s until 2024-07-25T05:25:28Z
00:03:28.532750 Lease time 600 secs (default)
00:03:28.532758 writing leases to C:\Users\Admin\.Ld9VirtualBox\LdNatNetwork4-Dhcpd.leases
00:03:28.539019 >>> requested option 1 (SubnetMask)
00:03:28.539039 ... always supplied
00:03:28.539047 >>> requested option 3 (Routers)
00:03:28.539054 ... found in GlobalConfig (type global)
00:03:28.539060 >>> requested option 6 (DNSes)
00:03:28.539067 ... found in GlobalConfig (type global)
00:03:28.539073 >>> requested option 15 (DomainName)
00:03:28.539080 ... not found
00:03:28.539087 >>> requested option 26 (InterfaceMTU)
00:03:28.539095 ... not found
00:03:28.539102 >>> requested option 28 (BroadcastAddress)
00:03:28.539109 ... not found
00:03:28.539115 >>> requested option 51 (LeaseTime)
00:03:28.539120 ... not found
00:03:28.539126 >>> requested option 58 (RenewalTime)
00:03:28.539136 ... not found
00:03:28.539144 >>> requested option 59 (RebindingTime)
00:03:28.539150 ... not found
00:03:28.539156 >>> requested option 43 (VendorSpecificInfo)
00:03:28.539161 ... not found
00:03:28.539173 encoding option 1 (SubnetMask)
00:03:28.539180 encoding option 3 (Routers)
00:03:28.539186 encoding option 6 (DNSes)
00:03:28.539191 encoding option 51 (LeaseTime)
00:03:28.539199 ACK xid 0x198fc5d4 chaddr 00:db:d2:14:60:e1
00:03:28.539218  ciaddr 0.0.0.0 yiaddr 172.16.1.4
00:03:28.539236 encoded message: 548 bytes
00:03:28.539238 0000000000aa2630/0000: 02 01 06 00 d4 c5 8f 19-00 00 00 00 00 00 00 00 ................
00:03:28.539241 0000000000aa2640/0010: ac 10 01 04 00 00 00 00-00 00 00 00 00 db d2 14 ................
00:03:28.539244 0000000000aa2650/0020: 60 e1 00 00 00 00 00 00-00 00 00 00 00 00 00 00 `...............
00:03:28.539247 0000000000aa2660/0030: 00 00 00 00 00 00 00 00-00 00 00 00 00 00 00 00 ................
00:03:28.539249 0000000000aa2670/0040: 00 00 00 00 00 00 00 00-00 00 00 00 00 00 00 00 ................
00:03:28.539252 0000000000aa2680/0050: 00 00 00 00 00 00 00 00-00 00 00 00 00 00 00 00 ................
00:03:28.539254 0000000000aa2690/0060: 00 00 00 00 00 00 00 00-00 00 00 00 00 00 00 00 ................
00:03:28.539256 0000000000aa26a0/0070: 00 00 00 00 00 00 00 00-00 00 00 00 00 00 00 00 ................
00:03:28.539259 0000000000aa26b0/0080: 00 00 00 00 00 00 00 00-00 00 00 00 00 00 00 00 ................
00:03:28.539261 0000000000aa26c0/0090: 00 00 00 00 00 00 00 00-00 00 00 00 00 00 00 00 ................
00:03:28.539263 0000000000aa26d0/00a0: 00 00 00 00 00 00 00 00-00 00 00 00 00 00 00 00 ................
00:03:28.539266 0000000000aa26e0/00b0: 00 00 00 00 00 00 00 00-00 00 00 00 00 00 00 00 ................
00:03:28.539268 0000000000aa26f0/00c0: 00 00 00 00 00 00 00 00-00 00 00 00 00 00 00 00 ................
00:03:28.539270 0000000000aa2700/00d0: 00 00 00 00 00 00 00 00-00 00 00 00 00 00 00 00 ................
00:03:28.539273 0000000000aa2710/00e0: 00 00 00 00 00 00 00 00-00 00 00 00 63 82 53 63 ............c.Sc
00:03:28.539275 0000000000aa2720/00f0: 36 04 ac 10 01 03 35 01-05 01 04 ff ff ff 00 03 6.....5.........
00:03:28.539278 0000000000aa2730/0100: 04 ac 10 01 01 06 08 cb-71 83 02 cb 71 bc 08 33 ........q...q..3
00:03:28.539280 0000000000aa2740/0110: 04 00 00 02 58 ff 00 00-00 00 00 00 00 00 00 00 ....X...........
00:03:28.539283 0000000000aa2750/0120: 00 00 00 00 00 00 00 00-00 00 00 00 00 00 00 00 ................
00:03:28.539285 0000000000aa2760/0130: 00 00 00 00 00 00 00 00-00 00 00 00 00 00 00 00 ................
00:03:28.539288 0000000000aa2770/0140: 00 00 00 00 00 00 00 00-00 00 00 00 00 00 00 00 ................
00:03:28.539290 0000000000aa2780/0150: 00 00 00 00 00 00 00 00-00 00 00 00 00 00 00 00 ................
00:03:28.539292 0000000000aa2790/0160: 00 00 00 00 00 00 00 00-00 00 00 00 00 00 00 00 ................
00:03:28.539295 0000000000aa27a0/0170: 00 00 00 00 00 00 00 00-00 00 00 00 00 00 00 00 ................
00:03:28.539297 0000000000aa27b0/0180: 00 00 00 00 00 00 00 00-00 00 00 00 00 00 00 00 ................
00:03:28.539299 0000000000aa27c0/0190: 00 00 00 00 00 00 00 00-00 00 00 00 00 00 00 00 ................
00:03:28.539301 0000000000aa27d0/01a0: 00 00 00 00 00 00 00 00-00 00 00 00 00 00 00 00 ................
00:03:28.539304 0000000000aa27e0/01b0: 00 00 00 00 00 00 00 00-00 00 00 00 00 00 00 00 ................
00:03:28.539306 0000000000aa27f0/01c0: 00 00 00 00 00 00 00 00-00 00 00 00 00 00 00 00 ................
00:03:28.539309 0000000000aa2800/01d0: 00 00 00 00 00 00 00 00-00 00 00 00 00 00 00 00 ................
00:03:28.539311 0000000000aa2810/01e0: 00 00 00 00 00 00 00 00-00 00 00 00 00 00 00 00 ................
00:03:28.539313 0000000000aa2820/01f0: 00 00 00 00 00 00 00 00-00 00 00 00 00 00 00 00 ................
00:03:28.539316 0000000000aa2830/0200: 00 00 00 00 00 00 00 00-00 00 00 00 00 00 00 00 ................
00:03:28.539318 0000000000aa2840/0210: 00 00 00 00 00 00 00 00-00 00 00 00 00 00 00 00 ................
00:03:28.539320 0000000000aa2850/0220: 00 00 00 00                                     ....
