00:00:00.007046 VirtualBox DHCP Server 4.1.34 r915953336 win.amd64 (Jul 26 2022 16:16:05) release log
00:00:00.007059 Log opened 2024-07-25T05:20:01.039007200Z
00:00:00.007065 Build Type: release
00:00:00.007085 OS Product: Windows 11
00:00:00.007101 OS Release: 10.0.22631
00:00:00.007104 OS Service Pack: 
00:00:00.064694 DMI Product Name: Nitro AN515-54
00:00:00.089825 DMI Product Version: V1.33
00:00:00.089836 Firmware type: UEFI
00:00:00.090340 Secure Boot: VERR_PRIVILEGE_NOT_HELD
00:00:00.090369 Host RAM: 16221MB (15.8GB) total, 9087MB (8.8GB) available
00:00:00.090376 Executable: C:\Program Files\ldplayer9box\VBoxNetDHCP.exe
00:00:00.090378 Process ID: 16540
00:00:00.090378 Package type: WINDOWS_64BITS_GENERIC (OSE)
00:00:00.090582 --config:  LdNatNetwork1
00:00:00.090601 --comment: LdNatNetwork1
00:00:00.095900 IP address:   172.16.1.3/24
00:00:00.095928 Address pool: 172.16.1.4 - 172.16.1.254
00:00:00.095989 MAC address is not specified: will use generated MAC 08:00:27:60:e7:64
00:00:00.096007 Db::i_enterFixedAddressAssignment: 08:00:27:60:e7:64: 172.16.1.3
00:00:00.096022 loading leases from C:\Users\Admin\.Ld9VirtualBox\LdNatNetwork1-Dhcpd.leases
00:00:00.096393 > LOAD: EXPIRED lease 172.16.1.4 to [01:00:db:3b:7d:b9:ef] (00:db:3b:7d:b9:ef), acked, valid from 2024-07-25T05:15:05Z for 600s until 2024-07-25T05:25:05Z
00:00:20.469483 DISCOVER xid 0x15aae920 chaddr 00:db:3b:7d:b9:ef
00:00:20.469580  ciaddr 0.0.0.0
00:00:20.469610  client id: 01 00 db 3b 7d b9 ef
00:00:20.469629  params { 1 3 6 15 26 28 51 58 59 43 }
00:00:20.469745   57: 05 dc
00:00:20.469757   60: 'android-dhcp-9'
00:00:20.469781 > allocateAddress to client [01:00:db:3b:7d:b9:ef] (00:db:3b:7d:b9:ef)
00:00:20.469810 > ... found existing binding 172.16.1.4 to [01:00:db:3b:7d:b9:ef] (00:db:3b:7d:b9:ef), acked, valid from 2024-07-25T05:15:05Z for 600s until 2024-07-25T05:25:05Z
00:00:20.469846 Lease time 600 secs (default)
00:00:20.469870 >>> requested option 1 (SubnetMask)
00:00:20.469881 ... always supplied
00:00:20.469889 >>> requested option 3 (Routers)
00:00:20.469898 ... found in GlobalConfig (type global)
00:00:20.469909 >>> requested option 6 (DNSes)
00:00:20.469918 ... found in GlobalConfig (type global)
00:00:20.469931 >>> requested option 15 (DomainName)
00:00:20.469942 ... not found
00:00:20.469951 >>> requested option 26 (InterfaceMTU)
00:00:20.470282 ... not found
00:00:20.470291 >>> requested option 28 (BroadcastAddress)
00:00:20.470300 ... not found
00:00:20.470308 >>> requested option 51 (LeaseTime)
00:00:20.470318 ... not found
00:00:20.470326 >>> requested option 58 (RenewalTime)
00:00:20.470334 ... not found
00:00:20.470341 >>> requested option 59 (RebindingTime)
00:00:20.470350 ... not found
00:00:20.470358 >>> requested option 43 (VendorSpecificInfo)
00:00:20.470367 ... not found
00:00:20.470384 encoding option 1 (SubnetMask)
00:00:20.470395 encoding option 3 (Routers)
00:00:20.470404 encoding option 6 (DNSes)
00:00:20.470413 encoding option 51 (LeaseTime)
00:00:20.470425 OFFER xid 0x15aae920 chaddr 00:db:3b:7d:b9:ef
00:00:20.470452  ciaddr 0.0.0.0 yiaddr 172.16.1.4
00:00:20.470479 encoded message: 548 bytes
00:00:20.470481 00000000022c1e20/0000: 02 01 06 00 20 e9 aa 15-00 00 00 00 00 00 00 00 .... ...........
00:00:20.470495 00000000022c1e30/0010: ac 10 01 04 00 00 00 00-00 00 00 00 00 db 3b 7d ..............;}
00:00:20.470569 00000000022c1e40/0020: b9 ef 00 00 00 00 00 00-00 00 00 00 00 00 00 00 ................
00:00:20.470577 00000000022c1e50/0030: 00 00 00 00 00 00 00 00-00 00 00 00 00 00 00 00 ................
00:00:20.470584 00000000022c1e60/0040: 00 00 00 00 00 00 00 00-00 00 00 00 00 00 00 00 ................
00:00:20.470592 00000000022c1e70/0050: 00 00 00 00 00 00 00 00-00 00 00 00 00 00 00 00 ................
00:00:20.470596 00000000022c1e80/0060: 00 00 00 00 00 00 00 00-00 00 00 00 00 00 00 00 ................
00:00:20.470599 00000000022c1e90/0070: 00 00 00 00 00 00 00 00-00 00 00 00 00 00 00 00 ................
00:00:20.470601 00000000022c1ea0/0080: 00 00 00 00 00 00 00 00-00 00 00 00 00 00 00 00 ................
00:00:20.470604 00000000022c1eb0/0090: 00 00 00 00 00 00 00 00-00 00 00 00 00 00 00 00 ................
00:00:20.470607 00000000022c1ec0/00a0: 00 00 00 00 00 00 00 00-00 00 00 00 00 00 00 00 ................
00:00:20.470610 00000000022c1ed0/00b0: 00 00 00 00 00 00 00 00-00 00 00 00 00 00 00 00 ................
00:00:20.470613 00000000022c1ee0/00c0: 00 00 00 00 00 00 00 00-00 00 00 00 00 00 00 00 ................
00:00:20.470617 00000000022c1ef0/00d0: 00 00 00 00 00 00 00 00-00 00 00 00 00 00 00 00 ................
00:00:20.470622 00000000022c1f00/00e0: 00 00 00 00 00 00 00 00-00 00 00 00 63 82 53 63 ............c.Sc
00:00:20.470631 00000000022c1f10/00f0: 36 04 ac 10 01 03 35 01-02 01 04 ff ff ff 00 03 6.....5.........
00:00:20.470636 00000000022c1f20/0100: 04 ac 10 01 01 06 08 cb-71 83 02 cb 71 bc 08 33 ........q...q..3
00:00:20.470642 00000000022c1f30/0110: 04 00 00 02 58 ff 00 00-00 00 00 00 00 00 00 00 ....X...........
00:00:20.470646 00000000022c1f40/0120: 00 00 00 00 00 00 00 00-00 00 00 00 00 00 00 00 ................
00:00:20.470651 00000000022c1f50/0130: 00 00 00 00 00 00 00 00-00 00 00 00 00 00 00 00 ................
00:00:20.470882 00000000022c1f60/0140: 00 00 00 00 00 00 00 00-00 00 00 00 00 00 00 00 ................
00:00:20.470885 00000000022c1f70/0150: 00 00 00 00 00 00 00 00-00 00 00 00 00 00 00 00 ................
00:00:20.470891 00000000022c1f80/0160: 00 00 00 00 00 00 00 00-00 00 00 00 00 00 00 00 ................
00:00:20.470898 00000000022c1f90/0170: 00 00 00 00 00 00 00 00-00 00 00 00 00 00 00 00 ................
00:00:20.470906 00000000022c1fa0/0180: 00 00 00 00 00 00 00 00-00 00 00 00 00 00 00 00 ................
00:00:20.470909 00000000022c1fb0/0190: 00 00 00 00 00 00 00 00-00 00 00 00 00 00 00 00 ................
00:00:20.470915 00000000022c1fc0/01a0: 00 00 00 00 00 00 00 00-00 00 00 00 00 00 00 00 ................
00:00:20.471000 00000000022c1fd0/01b0: 00 00 00 00 00 00 00 00-00 00 00 00 00 00 00 00 ................
00:00:20.471008 00000000022c1fe0/01c0: 00 00 00 00 00 00 00 00-00 00 00 00 00 00 00 00 ................
00:00:20.471012 00000000022c1ff0/01d0: 00 00 00 00 00 00 00 00-00 00 00 00 00 00 00 00 ................
00:00:20.471017 00000000022c2000/01e0: 00 00 00 00 00 00 00 00-00 00 00 00 00 00 00 00 ................
00:00:20.471021 00000000022c2010/01f0: 00 00 00 00 00 00 00 00-00 00 00 00 00 00 00 00 ................
00:00:20.471026 00000000022c2020/0200: 00 00 00 00 00 00 00 00-00 00 00 00 00 00 00 00 ................
00:00:20.471031 00000000022c2030/0210: 00 00 00 00 00 00 00 00-00 00 00 00 00 00 00 00 ................
00:00:20.471036 00000000022c2040/0220: 00 00 00 00                                     ....
00:00:20.529853 REQUEST xid 0x15aae920 chaddr 00:db:3b:7d:b9:ef
00:00:20.529926  ciaddr 0.0.0.0
00:00:20.529944  for server 172.16.1.3 client id: 01 00 db 3b 7d b9 ef
00:00:20.529968  requested address 172.16.1.4
00:00:20.529993  params { 1 3 6 15 26 28 51 58 59 43 }
00:00:20.530092   54: ac 10 01 03
00:00:20.530103   57: 05 dc
00:00:20.530112   60: 'android-dhcp-9'
00:00:20.530127 > allocateAddress 172.16.1.4 to client [01:00:db:3b:7d:b9:ef] (00:db:3b:7d:b9:ef)
00:00:20.530152 > ... found existing binding 172.16.1.4 to [01:00:db:3b:7d:b9:ef] (00:db:3b:7d:b9:ef), acked, valid from 2024-07-25T05:20:21Z for 600s until 2024-07-25T05:30:21Z
00:00:20.530173 Lease time 600 secs (default)
00:00:20.530187 writing leases to C:\Users\Admin\.Ld9VirtualBox\LdNatNetwork1-Dhcpd.leases
00:00:20.537410 >>> requested option 1 (SubnetMask)
00:00:20.537432 ... always supplied
00:00:20.537440 >>> requested option 3 (Routers)
00:00:20.537448 ... found in GlobalConfig (type global)
00:00:20.537456 >>> requested option 6 (DNSes)
00:00:20.537463 ... found in GlobalConfig (type global)
00:00:20.537470 >>> requested option 15 (DomainName)
00:00:20.537478 ... not found
00:00:20.537485 >>> requested option 26 (InterfaceMTU)
00:00:20.537491 ... not found
00:00:20.537498 >>> requested option 28 (BroadcastAddress)
00:00:20.537572 ... not found
00:00:20.537590 >>> requested option 51 (LeaseTime)
00:00:20.537599 ... not found
00:00:20.537606 >>> requested option 58 (RenewalTime)
00:00:20.537613 ... not found
00:00:20.537619 >>> requested option 59 (RebindingTime)
00:00:20.537626 ... not found
00:00:20.537633 >>> requested option 43 (VendorSpecificInfo)
00:00:20.537640 ... not found
00:00:20.537655 encoding option 1 (SubnetMask)
00:00:20.537663 encoding option 3 (Routers)
00:00:20.537671 encoding option 6 (DNSes)
00:00:20.537678 encoding option 51 (LeaseTime)
00:00:20.537687 ACK xid 0x15aae920 chaddr 00:db:3b:7d:b9:ef
00:00:20.537710  ciaddr 0.0.0.0 yiaddr 172.16.1.4
00:00:20.537732 encoded message: 548 bytes
00:00:20.537734 000000000099eb20/0000: 02 01 06 00 20 e9 aa 15-00 00 00 00 00 00 00 00 .... ...........
00:00:20.537739 000000000099eb30/0010: ac 10 01 04 00 00 00 00-00 00 00 00 00 db 3b 7d ..............;}
00:00:20.537742 000000000099eb40/0020: b9 ef 00 00 00 00 00 00-00 00 00 00 00 00 00 00 ................
00:00:20.537745 000000000099eb50/0030: 00 00 00 00 00 00 00 00-00 00 00 00 00 00 00 00 ................
00:00:20.537748 000000000099eb60/0040: 00 00 00 00 00 00 00 00-00 00 00 00 00 00 00 00 ................
00:00:20.537751 000000000099eb70/0050: 00 00 00 00 00 00 00 00-00 00 00 00 00 00 00 00 ................
00:00:20.537754 000000000099eb80/0060: 00 00 00 00 00 00 00 00-00 00 00 00 00 00 00 00 ................
00:00:20.537756 000000000099eb90/0070: 00 00 00 00 00 00 00 00-00 00 00 00 00 00 00 00 ................
00:00:20.537759 000000000099eba0/0080: 00 00 00 00 00 00 00 00-00 00 00 00 00 00 00 00 ................
00:00:20.537762 000000000099ebb0/0090: 00 00 00 00 00 00 00 00-00 00 00 00 00 00 00 00 ................
00:00:20.537765 000000000099ebc0/00a0: 00 00 00 00 00 00 00 00-00 00 00 00 00 00 00 00 ................
00:00:20.537768 000000000099ebd0/00b0: 00 00 00 00 00 00 00 00-00 00 00 00 00 00 00 00 ................
00:00:20.537786 000000000099ebe0/00c0: 00 00 00 00 00 00 00 00-00 00 00 00 00 00 00 00 ................
00:00:20.537790 000000000099ebf0/00d0: 00 00 00 00 00 00 00 00-00 00 00 00 00 00 00 00 ................
00:00:20.537793 000000000099ec00/00e0: 00 00 00 00 00 00 00 00-00 00 00 00 63 82 53 63 ............c.Sc
00:00:20.537796 000000000099ec10/00f0: 36 04 ac 10 01 03 35 01-05 01 04 ff ff ff 00 03 6.....5.........
00:00:20.537800 000000000099ec20/0100: 04 ac 10 01 01 06 08 cb-71 83 02 cb 71 bc 08 33 ........q...q..3
00:00:20.537803 000000000099ec30/0110: 04 00 00 02 58 ff 00 00-00 00 00 00 00 00 00 00 ....X...........
00:00:20.537807 000000000099ec40/0120: 00 00 00 00 00 00 00 00-00 00 00 00 00 00 00 00 ................
00:00:20.537810 000000000099ec50/0130: 00 00 00 00 00 00 00 00-00 00 00 00 00 00 00 00 ................
00:00:20.537813 000000000099ec60/0140: 00 00 00 00 00 00 00 00-00 00 00 00 00 00 00 00 ................
00:00:20.537817 000000000099ec70/0150: 00 00 00 00 00 00 00 00-00 00 00 00 00 00 00 00 ................
00:00:20.537820 000000000099ec80/0160: 00 00 00 00 00 00 00 00-00 00 00 00 00 00 00 00 ................
00:00:20.537823 000000000099ec90/0170: 00 00 00 00 00 00 00 00-00 00 00 00 00 00 00 00 ................
00:00:20.537826 000000000099eca0/0180: 00 00 00 00 00 00 00 00-00 00 00 00 00 00 00 00 ................
00:00:20.537830 000000000099ecb0/0190: 00 00 00 00 00 00 00 00-00 00 00 00 00 00 00 00 ................
00:00:20.537834 000000000099ecc0/01a0: 00 00 00 00 00 00 00 00-00 00 00 00 00 00 00 00 ................
00:00:20.537837 000000000099ecd0/01b0: 00 00 00 00 00 00 00 00-00 00 00 00 00 00 00 00 ................
00:00:20.537840 000000000099ece0/01c0: 00 00 00 00 00 00 00 00-00 00 00 00 00 00 00 00 ................
00:00:20.537843 000000000099ecf0/01d0: 00 00 00 00 00 00 00 00-00 00 00 00 00 00 00 00 ................
00:00:20.537846 000000000099ed00/01e0: 00 00 00 00 00 00 00 00-00 00 00 00 00 00 00 00 ................
00:00:20.537849 000000000099ed10/01f0: 00 00 00 00 00 00 00 00-00 00 00 00 00 00 00 00 ................
00:00:20.537853 000000000099ed20/0200: 00 00 00 00 00 00 00 00-00 00 00 00 00 00 00 00 ................
00:00:20.537856 000000000099ed30/0210: 00 00 00 00 00 00 00 00-00 00 00 00 00 00 00 00 ................
00:00:20.537859 000000000099ed40/0220: 00 00 00 00                                     ....
00:05:20.581774 REQUEST xid 0x059a39e8 chaddr 00:db:3b:7d:b9:ef
00:05:20.581797  ciaddr 172.16.1.4
00:05:20.581804  client id: 01 00 db 3b 7d b9 ef
00:05:20.581809  params { 1 3 6 15 26 28 51 58 59 43 }
00:05:20.581844   57: 05 dc
00:05:20.581847   60: 'android-dhcp-9'
00:05:20.581853 > allocateAddress to client [01:00:db:3b:7d:b9:ef] (00:db:3b:7d:b9:ef)
00:05:20.581859 > ... found existing binding 172.16.1.4 to [01:00:db:3b:7d:b9:ef] (00:db:3b:7d:b9:ef), acked, valid from 2024-07-25T05:20:21Z for 600s until 2024-07-25T05:30:21Z
00:05:20.581868 Lease time 600 secs (default)
00:05:20.581872 writing leases to C:\Users\Admin\.Ld9VirtualBox\LdNatNetwork1-Dhcpd.leases
00:05:20.586248 >>> requested option 1 (SubnetMask)
00:05:20.586260 ... always supplied
00:05:20.586264 >>> requested option 3 (Routers)
00:05:20.586268 ... found in GlobalConfig (type global)
00:05:20.586272 >>> requested option 6 (DNSes)
00:05:20.586275 ... found in GlobalConfig (type global)
00:05:20.586278 >>> requested option 15 (DomainName)
00:05:20.586282 ... not found
00:05:20.586285 >>> requested option 26 (InterfaceMTU)
00:05:20.586288 ... not found
00:05:20.586291 >>> requested option 28 (BroadcastAddress)
00:05:20.586294 ... not found
00:05:20.586297 >>> requested option 51 (LeaseTime)
00:05:20.586300 ... not found
00:05:20.586303 >>> requested option 58 (RenewalTime)
00:05:20.586306 ... not found
00:05:20.586309 >>> requested option 59 (RebindingTime)
00:05:20.586312 ... not found
00:05:20.586315 >>> requested option 43 (VendorSpecificInfo)
00:05:20.586318 ... not found
00:05:20.586325 encoding option 1 (SubnetMask)
00:05:20.586328 encoding option 3 (Routers)
00:05:20.586331 encoding option 6 (DNSes)
00:05:20.586335 encoding option 51 (LeaseTime)
00:05:20.586339 ACK xid 0x059a39e8 chaddr 00:db:3b:7d:b9:ef
00:05:20.586349  ciaddr 172.16.1.4 yiaddr 172.16.1.4
00:05:20.586373 encoded message: 548 bytes
00:05:20.586374 000000000099ecc0/0000: 02 01 06 00 e8 39 9a 05-00 00 00 00 ac 10 01 04 .....9..........
00:05:20.586377 000000000099ecd0/0010: ac 10 01 04 00 00 00 00-00 00 00 00 00 db 3b 7d ..............;}
00:05:20.586378 000000000099ece0/0020: b9 ef 00 00 00 00 00 00-00 00 00 00 00 00 00 00 ................
00:05:20.586379 000000000099ecf0/0030: 00 00 00 00 00 00 00 00-00 00 00 00 00 00 00 00 ................
00:05:20.586380 000000000099ed00/0040: 00 00 00 00 00 00 00 00-00 00 00 00 00 00 00 00 ................
00:05:20.586382 000000000099ed10/0050: 00 00 00 00 00 00 00 00-00 00 00 00 00 00 00 00 ................
00:05:20.586383 000000000099ed20/0060: 00 00 00 00 00 00 00 00-00 00 00 00 00 00 00 00 ................
00:05:20.586384 000000000099ed30/0070: 00 00 00 00 00 00 00 00-00 00 00 00 00 00 00 00 ................
00:05:20.586385 000000000099ed40/0080: 00 00 00 00 00 00 00 00-00 00 00 00 00 00 00 00 ................
00:05:20.586386 000000000099ed50/0090: 00 00 00 00 00 00 00 00-00 00 00 00 00 00 00 00 ................
00:05:20.586387 000000000099ed60/00a0: 00 00 00 00 00 00 00 00-00 00 00 00 00 00 00 00 ................
00:05:20.586389 000000000099ed70/00b0: 00 00 00 00 00 00 00 00-00 00 00 00 00 00 00 00 ................
00:05:20.586390 000000000099ed80/00c0: 00 00 00 00 00 00 00 00-00 00 00 00 00 00 00 00 ................
00:05:20.586391 000000000099ed90/00d0: 00 00 00 00 00 00 00 00-00 00 00 00 00 00 00 00 ................
00:05:20.586392 000000000099eda0/00e0: 00 00 00 00 00 00 00 00-00 00 00 00 63 82 53 63 ............c.Sc
00:05:20.586393 000000000099edb0/00f0: 36 04 ac 10 01 03 35 01-05 01 04 ff ff ff 00 03 6.....5.........
00:05:20.586395 000000000099edc0/0100: 04 ac 10 01 01 06 08 cb-71 83 02 cb 71 bc 08 33 ........q...q..3
00:05:20.586396 000000000099edd0/0110: 04 00 00 02 58 ff 00 00-00 00 00 00 00 00 00 00 ....X...........
00:05:20.586397 000000000099ede0/0120: 00 00 00 00 00 00 00 00-00 00 00 00 00 00 00 00 ................
00:05:20.586398 000000000099edf0/0130: 00 00 00 00 00 00 00 00-00 00 00 00 00 00 00 00 ................
00:05:20.586400 000000000099ee00/0140: 00 00 00 00 00 00 00 00-00 00 00 00 00 00 00 00 ................
00:05:20.586401 000000000099ee10/0150: 00 00 00 00 00 00 00 00-00 00 00 00 00 00 00 00 ................
00:05:20.586402 000000000099ee20/0160: 00 00 00 00 00 00 00 00-00 00 00 00 00 00 00 00 ................
00:05:20.586403 000000000099ee30/0170: 00 00 00 00 00 00 00 00-00 00 00 00 00 00 00 00 ................
00:05:20.586404 000000000099ee40/0180: 00 00 00 00 00 00 00 00-00 00 00 00 00 00 00 00 ................
00:05:20.586406 000000000099ee50/0190: 00 00 00 00 00 00 00 00-00 00 00 00 00 00 00 00 ................
00:05:20.586407 000000000099ee60/01a0: 00 00 00 00 00 00 00 00-00 00 00 00 00 00 00 00 ................
00:05:20.586408 000000000099ee70/01b0: 00 00 00 00 00 00 00 00-00 00 00 00 00 00 00 00 ................
00:05:20.586409 000000000099ee80/01c0: 00 00 00 00 00 00 00 00-00 00 00 00 00 00 00 00 ................
00:05:20.586410 000000000099ee90/01d0: 00 00 00 00 00 00 00 00-00 00 00 00 00 00 00 00 ................
00:05:20.586411 000000000099eea0/01e0: 00 00 00 00 00 00 00 00-00 00 00 00 00 00 00 00 ................
00:05:20.586413 000000000099eeb0/01f0: 00 00 00 00 00 00 00 00-00 00 00 00 00 00 00 00 ................
00:05:20.586414 000000000099eec0/0200: 00 00 00 00 00 00 00 00-00 00 00 00 00 00 00 00 ................
00:05:20.586415 000000000099eed0/0210: 00 00 00 00 00 00 00 00-00 00 00 00 00 00 00 00 ................
00:05:20.586422 000000000099eee0/0220: 00 00 00 00                                     ....
00:10:20.595247 REQUEST xid 0x24d4cd90 chaddr 00:db:3b:7d:b9:ef
00:10:20.595296  ciaddr 172.16.1.4
00:10:20.595313  client id: 01 00 db 3b 7d b9 ef
00:10:20.595323  params { 1 3 6 15 26 28 51 58 59 43 }
00:10:20.595622   57: 05 dc
00:10:20.595630   60: 'android-dhcp-9'
00:10:20.595642 > allocateAddress to client [01:00:db:3b:7d:b9:ef] (00:db:3b:7d:b9:ef)
00:10:20.595655 > ... found existing binding 172.16.1.4 to [01:00:db:3b:7d:b9:ef] (00:db:3b:7d:b9:ef), acked, valid from 2024-07-25T05:25:21Z for 600s until 2024-07-25T05:35:21Z
00:10:20.595675 Lease time 600 secs (default)
00:10:20.595683 writing leases to C:\Users\Admin\.Ld9VirtualBox\LdNatNetwork1-Dhcpd.leases
00:10:20.601570 >>> requested option 1 (SubnetMask)
00:10:20.601594 ... always supplied
00:10:20.601603 >>> requested option 3 (Routers)
00:10:20.601613 ... found in GlobalConfig (type global)
00:10:20.601621 >>> requested option 6 (DNSes)
00:10:20.601629 ... found in GlobalConfig (type global)
00:10:20.601638 >>> requested option 15 (DomainName)
00:10:20.601646 ... not found
00:10:20.601654 >>> requested option 26 (InterfaceMTU)
00:10:20.601661 ... not found
00:10:20.601669 >>> requested option 28 (BroadcastAddress)
00:10:20.601676 ... not found
00:10:20.601684 >>> requested option 51 (LeaseTime)
00:10:20.601692 ... not found
00:10:20.601699 >>> requested option 58 (RenewalTime)
00:10:20.601707 ... not found
00:10:20.601714 >>> requested option 59 (RebindingTime)
00:10:20.601721 ... not found
00:10:20.601729 >>> requested option 43 (VendorSpecificInfo)
00:10:20.601736 ... not found
00:10:20.601751 encoding option 1 (SubnetMask)
00:10:20.601760 encoding option 3 (Routers)
00:10:20.601768 encoding option 6 (DNSes)
00:10:20.601775 encoding option 51 (LeaseTime)
00:10:20.601786 ACK xid 0x24d4cd90 chaddr 00:db:3b:7d:b9:ef
00:10:20.601810  ciaddr 172.16.1.4 yiaddr 172.16.1.4
00:10:20.601866 encoded message: 548 bytes
00:10:20.601869 000000000099d4b0/0000: 02 01 06 00 90 cd d4 24-00 00 00 00 ac 10 01 04 .......$........
00:10:20.601875 000000000099d4c0/0010: ac 10 01 04 00 00 00 00-00 00 00 00 00 db 3b 7d ..............;}
00:10:20.601880 000000000099d4d0/0020: b9 ef 00 00 00 00 00 00-00 00 00 00 00 00 00 00 ................
00:10:20.601885 000000000099d4e0/0030: 00 00 00 00 00 00 00 00-00 00 00 00 00 00 00 00 ................
00:10:20.601890 000000000099d4f0/0040: 00 00 00 00 00 00 00 00-00 00 00 00 00 00 00 00 ................
00:10:20.601895 000000000099d500/0050: 00 00 00 00 00 00 00 00-00 00 00 00 00 00 00 00 ................
00:10:20.601899 000000000099d510/0060: 00 00 00 00 00 00 00 00-00 00 00 00 00 00 00 00 ................
00:10:20.601904 000000000099d520/0070: 00 00 00 00 00 00 00 00-00 00 00 00 00 00 00 00 ................
00:10:20.601909 000000000099d530/0080: 00 00 00 00 00 00 00 00-00 00 00 00 00 00 00 00 ................
00:10:20.601914 000000000099d540/0090: 00 00 00 00 00 00 00 00-00 00 00 00 00 00 00 00 ................
00:10:20.601918 000000000099d550/00a0: 00 00 00 00 00 00 00 00-00 00 00 00 00 00 00 00 ................
00:10:20.601923 000000000099d560/00b0: 00 00 00 00 00 00 00 00-00 00 00 00 00 00 00 00 ................
00:10:20.601928 000000000099d570/00c0: 00 00 00 00 00 00 00 00-00 00 00 00 00 00 00 00 ................
00:10:20.601933 000000000099d580/00d0: 00 00 00 00 00 00 00 00-00 00 00 00 00 00 00 00 ................
00:10:20.601938 000000000099d590/00e0: 00 00 00 00 00 00 00 00-00 00 00 00 63 82 53 63 ............c.Sc
00:10:20.601942 000000000099d5a0/00f0: 36 04 ac 10 01 03 35 01-05 01 04 ff ff ff 00 03 6.....5.........
00:10:20.601947 000000000099d5b0/0100: 04 ac 10 01 01 06 08 cb-71 83 02 cb 71 bc 08 33 ........q...q..3
00:10:20.601953 000000000099d5c0/0110: 04 00 00 02 58 ff 00 00-00 00 00 00 00 00 00 00 ....X...........
00:10:20.601957 000000000099d5d0/0120: 00 00 00 00 00 00 00 00-00 00 00 00 00 00 00 00 ................
00:10:20.601962 000000000099d5e0/0130: 00 00 00 00 00 00 00 00-00 00 00 00 00 00 00 00 ................
00:10:20.601967 000000000099d5f0/0140: 00 00 00 00 00 00 00 00-00 00 00 00 00 00 00 00 ................
00:10:20.601972 000000000099d600/0150: 00 00 00 00 00 00 00 00-00 00 00 00 00 00 00 00 ................
00:10:20.601977 000000000099d610/0160: 00 00 00 00 00 00 00 00-00 00 00 00 00 00 00 00 ................
00:10:20.601982 000000000099d620/0170: 00 00 00 00 00 00 00 00-00 00 00 00 00 00 00 00 ................
00:10:20.601987 000000000099d630/0180: 00 00 00 00 00 00 00 00-00 00 00 00 00 00 00 00 ................
00:10:20.601991 000000000099d640/0190: 00 00 00 00 00 00 00 00-00 00 00 00 00 00 00 00 ................
00:10:20.601996 000000000099d650/01a0: 00 00 00 00 00 00 00 00-00 00 00 00 00 00 00 00 ................
00:10:20.602001 000000000099d660/01b0: 00 00 00 00 00 00 00 00-00 00 00 00 00 00 00 00 ................
00:10:20.602006 000000000099d670/01c0: 00 00 00 00 00 00 00 00-00 00 00 00 00 00 00 00 ................
00:10:20.602011 000000000099d680/01d0: 00 00 00 00 00 00 00 00-00 00 00 00 00 00 00 00 ................
00:10:20.602016 000000000099d690/01e0: 00 00 00 00 00 00 00 00-00 00 00 00 00 00 00 00 ................
00:10:20.602020 000000000099d6a0/01f0: 00 00 00 00 00 00 00 00-00 00 00 00 00 00 00 00 ................
00:10:20.602025 000000000099d6b0/0200: 00 00 00 00 00 00 00 00-00 00 00 00 00 00 00 00 ................
00:10:20.602030 000000000099d6c0/0210: 00 00 00 00 00 00 00 00-00 00 00 00 00 00 00 00 ................
00:10:20.602035 000000000099d6d0/0220: 00 00 00 00                                     ....
00:15:20.608776 REQUEST xid 0x50eaf6ef chaddr 00:db:3b:7d:b9:ef
00:15:20.608801  ciaddr 172.16.1.4
00:15:20.608809  client id: 01 00 db 3b 7d b9 ef
00:15:20.608813  params { 1 3 6 15 26 28 51 58 59 43 }
00:15:20.608848   57: 05 dc
00:15:20.608851   60: 'android-dhcp-9'
00:15:20.608856 > allocateAddress to client [01:00:db:3b:7d:b9:ef] (00:db:3b:7d:b9:ef)
00:15:20.608863 > ... found existing binding 172.16.1.4 to [01:00:db:3b:7d:b9:ef] (00:db:3b:7d:b9:ef), acked, valid from 2024-07-25T05:30:21Z for 600s until 2024-07-25T05:40:21Z
00:15:20.608872 Lease time 600 secs (default)
00:15:20.608876 writing leases to C:\Users\Admin\.Ld9VirtualBox\LdNatNetwork1-Dhcpd.leases
00:15:20.613376 >>> requested option 1 (SubnetMask)
00:15:20.613387 ... always supplied
00:15:20.613391 >>> requested option 3 (Routers)
00:15:20.613397 ... found in GlobalConfig (type global)
00:15:20.613402 >>> requested option 6 (DNSes)
00:15:20.613405 ... found in GlobalConfig (type global)
00:15:20.613409 >>> requested option 15 (DomainName)
00:15:20.613412 ... not found
00:15:20.613415 >>> requested option 26 (InterfaceMTU)
00:15:20.613419 ... not found
00:15:20.613421 >>> requested option 28 (BroadcastAddress)
00:15:20.613425 ... not found
00:15:20.613428 >>> requested option 51 (LeaseTime)
00:15:20.613431 ... not found
00:15:20.613434 >>> requested option 58 (RenewalTime)
00:15:20.613437 ... not found
00:15:20.613440 >>> requested option 59 (RebindingTime)
00:15:20.613443 ... not found
00:15:20.613446 >>> requested option 43 (VendorSpecificInfo)
00:15:20.613449 ... not found
00:15:20.613455 encoding option 1 (SubnetMask)
00:15:20.613458 encoding option 3 (Routers)
00:15:20.613462 encoding option 6 (DNSes)
00:15:20.613465 encoding option 51 (LeaseTime)
00:15:20.613469 ACK xid 0x50eaf6ef chaddr 00:db:3b:7d:b9:ef
00:15:20.613479  ciaddr 172.16.1.4 yiaddr 172.16.1.4
00:15:20.613489 encoded message: 548 bytes
00:15:20.613490 00000000022c1e20/0000: 02 01 06 00 ef f6 ea 50-00 00 00 00 ac 10 01 04 .......P........
00:15:20.613492 00000000022c1e30/0010: ac 10 01 04 00 00 00 00-00 00 00 00 00 db 3b 7d ..............;}
00:15:20.613494 00000000022c1e40/0020: b9 ef 00 00 00 00 00 00-00 00 00 00 00 00 00 00 ................
00:15:20.613495 00000000022c1e50/0030: 00 00 00 00 00 00 00 00-00 00 00 00 00 00 00 00 ................
00:15:20.613496 00000000022c1e60/0040: 00 00 00 00 00 00 00 00-00 00 00 00 00 00 00 00 ................
00:15:20.613498 00000000022c1e70/0050: 00 00 00 00 00 00 00 00-00 00 00 00 00 00 00 00 ................
00:15:20.613499 00000000022c1e80/0060: 00 00 00 00 00 00 00 00-00 00 00 00 00 00 00 00 ................
00:15:20.613500 00000000022c1e90/0070: 00 00 00 00 00 00 00 00-00 00 00 00 00 00 00 00 ................
00:15:20.613501 00000000022c1ea0/0080: 00 00 00 00 00 00 00 00-00 00 00 00 00 00 00 00 ................
00:15:20.613502 00000000022c1eb0/0090: 00 00 00 00 00 00 00 00-00 00 00 00 00 00 00 00 ................
00:15:20.613503 00000000022c1ec0/00a0: 00 00 00 00 00 00 00 00-00 00 00 00 00 00 00 00 ................
00:15:20.613505 00000000022c1ed0/00b0: 00 00 00 00 00 00 00 00-00 00 00 00 00 00 00 00 ................
00:15:20.613506 00000000022c1ee0/00c0: 00 00 00 00 00 00 00 00-00 00 00 00 00 00 00 00 ................
00:15:20.613508 00000000022c1ef0/00d0: 00 00 00 00 00 00 00 00-00 00 00 00 00 00 00 00 ................
00:15:20.613510 00000000022c1f00/00e0: 00 00 00 00 00 00 00 00-00 00 00 00 63 82 53 63 ............c.Sc
00:15:20.613514 00000000022c1f10/00f0: 36 04 ac 10 01 03 35 01-05 01 04 ff ff ff 00 03 6.....5.........
00:15:20.613518 00000000022c1f20/0100: 04 ac 10 01 01 06 08 cb-71 83 02 cb 71 bc 08 33 ........q...q..3
00:15:20.613521 00000000022c1f30/0110: 04 00 00 02 58 ff 00 00-00 00 00 00 00 00 00 00 ....X...........
00:15:20.613523 00000000022c1f40/0120: 00 00 00 00 00 00 00 00-00 00 00 00 00 00 00 00 ................
00:15:20.613525 00000000022c1f50/0130: 00 00 00 00 00 00 00 00-00 00 00 00 00 00 00 00 ................
00:15:20.613529 00000000022c1f60/0140: 00 00 00 00 00 00 00 00-00 00 00 00 00 00 00 00 ................
00:15:20.613532 00000000022c1f70/0150: 00 00 00 00 00 00 00 00-00 00 00 00 00 00 00 00 ................
00:15:20.613535 00000000022c1f80/0160: 00 00 00 00 00 00 00 00-00 00 00 00 00 00 00 00 ................
00:15:20.613537 00000000022c1f90/0170: 00 00 00 00 00 00 00 00-00 00 00 00 00 00 00 00 ................
00:15:20.613538 00000000022c1fa0/0180: 00 00 00 00 00 00 00 00-00 00 00 00 00 00 00 00 ................
00:15:20.613540 00000000022c1fb0/0190: 00 00 00 00 00 00 00 00-00 00 00 00 00 00 00 00 ................
00:15:20.613544 00000000022c1fc0/01a0: 00 00 00 00 00 00 00 00-00 00 00 00 00 00 00 00 ................
00:15:20.613547 00000000022c1fd0/01b0: 00 00 00 00 00 00 00 00-00 00 00 00 00 00 00 00 ................
00:15:20.613564 00000000022c1fe0/01c0: 00 00 00 00 00 00 00 00-00 00 00 00 00 00 00 00 ................
00:15:20.613566 00000000022c1ff0/01d0: 00 00 00 00 00 00 00 00-00 00 00 00 00 00 00 00 ................
00:15:20.613569 00000000022c2000/01e0: 00 00 00 00 00 00 00 00-00 00 00 00 00 00 00 00 ................
00:15:20.613571 00000000022c2010/01f0: 00 00 00 00 00 00 00 00-00 00 00 00 00 00 00 00 ................
00:15:20.613574 00000000022c2020/0200: 00 00 00 00 00 00 00 00-00 00 00 00 00 00 00 00 ................
00:15:20.613578 00000000022c2030/0210: 00 00 00 00 00 00 00 00-00 00 00 00 00 00 00 00 ................
00:15:20.613581 00000000022c2040/0220: 00 00 00 00                                     ....
00:20:20.616563 REQUEST xid 0x385ca384 chaddr 00:db:3b:7d:b9:ef
00:20:20.616592  ciaddr 172.16.1.4
00:20:20.616602  client id: 01 00 db 3b 7d b9 ef
00:20:20.616607  params { 1 3 6 15 26 28 51 58 59 43 }
00:20:20.616651   57: 05 dc
00:20:20.616655   60: 'android-dhcp-9'
00:20:20.616661 > allocateAddress to client [01:00:db:3b:7d:b9:ef] (00:db:3b:7d:b9:ef)
00:20:20.616669 > ... found existing binding 172.16.1.4 to [01:00:db:3b:7d:b9:ef] (00:db:3b:7d:b9:ef), acked, valid from 2024-07-25T05:35:21Z for 600s until 2024-07-25T05:45:21Z
00:20:20.616680 Lease time 600 secs (default)
00:20:20.616685 writing leases to C:\Users\Admin\.Ld9VirtualBox\LdNatNetwork1-Dhcpd.leases
00:20:20.621617 >>> requested option 1 (SubnetMask)
00:20:20.621630 ... always supplied
00:20:20.621635 >>> requested option 3 (Routers)
00:20:20.621639 ... found in GlobalConfig (type global)
00:20:20.621644 >>> requested option 6 (DNSes)
00:20:20.621648 ... found in GlobalConfig (type global)
00:20:20.621652 >>> requested option 15 (DomainName)
00:20:20.621657 ... not found
00:20:20.621660 >>> requested option 26 (InterfaceMTU)
00:20:20.621664 ... not found
00:20:20.621668 >>> requested option 28 (BroadcastAddress)
00:20:20.621672 ... not found
00:20:20.621676 >>> requested option 51 (LeaseTime)
00:20:20.621679 ... not found
00:20:20.621683 >>> requested option 58 (RenewalTime)
00:20:20.621687 ... not found
00:20:20.621691 >>> requested option 59 (RebindingTime)
00:20:20.621695 ... not found
00:20:20.621698 >>> requested option 43 (VendorSpecificInfo)
00:20:20.621702 ... not found
00:20:20.621710 encoding option 1 (SubnetMask)
00:20:20.621714 encoding option 3 (Routers)
00:20:20.621718 encoding option 6 (DNSes)
00:20:20.621722 encoding option 51 (LeaseTime)
00:20:20.621727 ACK xid 0x385ca384 chaddr 00:db:3b:7d:b9:ef
00:20:20.621740  ciaddr 172.16.1.4 yiaddr 172.16.1.4
00:20:20.621752 encoded message: 548 bytes
00:20:20.621754 000000000099e9b0/0000: 02 01 06 00 84 a3 5c 38-00 00 00 00 ac 10 01 04 ......\8........
00:20:20.621756 000000000099e9c0/0010: ac 10 01 04 00 00 00 00-00 00 00 00 00 db 3b 7d ..............;}
00:20:20.621758 000000000099e9d0/0020: b9 ef 00 00 00 00 00 00-00 00 00 00 00 00 00 00 ................
00:20:20.621759 000000000099e9e0/0030: 00 00 00 00 00 00 00 00-00 00 00 00 00 00 00 00 ................
00:20:20.621761 000000000099e9f0/0040: 00 00 00 00 00 00 00 00-00 00 00 00 00 00 00 00 ................
00:20:20.621762 000000000099ea00/0050: 00 00 00 00 00 00 00 00-00 00 00 00 00 00 00 00 ................
00:20:20.621764 000000000099ea10/0060: 00 00 00 00 00 00 00 00-00 00 00 00 00 00 00 00 ................
00:20:20.621765 000000000099ea20/0070: 00 00 00 00 00 00 00 00-00 00 00 00 00 00 00 00 ................
00:20:20.621767 000000000099ea30/0080: 00 00 00 00 00 00 00 00-00 00 00 00 00 00 00 00 ................
00:20:20.621768 000000000099ea40/0090: 00 00 00 00 00 00 00 00-00 00 00 00 00 00 00 00 ................
00:20:20.621770 000000000099ea50/00a0: 00 00 00 00 00 00 00 00-00 00 00 00 00 00 00 00 ................
00:20:20.621771 000000000099ea60/00b0: 00 00 00 00 00 00 00 00-00 00 00 00 00 00 00 00 ................
00:20:20.621773 000000000099ea70/00c0: 00 00 00 00 00 00 00 00-00 00 00 00 00 00 00 00 ................
00:20:20.621774 000000000099ea80/00d0: 00 00 00 00 00 00 00 00-00 00 00 00 00 00 00 00 ................
00:20:20.621775 000000000099ea90/00e0: 00 00 00 00 00 00 00 00-00 00 00 00 63 82 53 63 ............c.Sc
00:20:20.621777 000000000099eaa0/00f0: 36 04 ac 10 01 03 35 01-05 01 04 ff ff ff 00 03 6.....5.........
00:20:20.621778 000000000099eab0/0100: 04 ac 10 01 01 06 08 cb-71 83 02 cb 71 bc 08 33 ........q...q..3
00:20:20.621780 000000000099eac0/0110: 04 00 00 02 58 ff 00 00-00 00 00 00 00 00 00 00 ....X...........
00:20:20.621782 000000000099ead0/0120: 00 00 00 00 00 00 00 00-00 00 00 00 00 00 00 00 ................
00:20:20.621783 000000000099eae0/0130: 00 00 00 00 00 00 00 00-00 00 00 00 00 00 00 00 ................
00:20:20.621784 000000000099eaf0/0140: 00 00 00 00 00 00 00 00-00 00 00 00 00 00 00 00 ................
00:20:20.621786 000000000099eb00/0150: 00 00 00 00 00 00 00 00-00 00 00 00 00 00 00 00 ................
00:20:20.621787 000000000099eb10/0160: 00 00 00 00 00 00 00 00-00 00 00 00 00 00 00 00 ................
00:20:20.621789 000000000099eb20/0170: 00 00 00 00 00 00 00 00-00 00 00 00 00 00 00 00 ................
00:20:20.621790 000000000099eb30/0180: 00 00 00 00 00 00 00 00-00 00 00 00 00 00 00 00 ................
00:20:20.621792 000000000099eb40/0190: 00 00 00 00 00 00 00 00-00 00 00 00 00 00 00 00 ................
00:20:20.621793 000000000099eb50/01a0: 00 00 00 00 00 00 00 00-00 00 00 00 00 00 00 00 ................
00:20:20.621795 000000000099eb60/01b0: 00 00 00 00 00 00 00 00-00 00 00 00 00 00 00 00 ................
00:20:20.621796 000000000099eb70/01c0: 00 00 00 00 00 00 00 00-00 00 00 00 00 00 00 00 ................
00:20:20.621797 000000000099eb80/01d0: 00 00 00 00 00 00 00 00-00 00 00 00 00 00 00 00 ................
00:20:20.621799 000000000099eb90/01e0: 00 00 00 00 00 00 00 00-00 00 00 00 00 00 00 00 ................
00:20:20.621800 000000000099eba0/01f0: 00 00 00 00 00 00 00 00-00 00 00 00 00 00 00 00 ................
00:20:20.621802 000000000099ebb0/0200: 00 00 00 00 00 00 00 00-00 00 00 00 00 00 00 00 ................
00:20:20.621803 000000000099ebc0/0210: 00 00 00 00 00 00 00 00-00 00 00 00 00 00 00 00 ................
00:20:20.621804 000000000099ebd0/0220: 00 00 00 00                                     ....
00:25:20.623538 REQUEST xid 0x9b906e4f chaddr 00:db:3b:7d:b9:ef
00:25:20.623567  ciaddr 172.16.1.4
00:25:20.623575  client id: 01 00 db 3b 7d b9 ef
00:25:20.623580  params { 1 3 6 15 26 28 51 58 59 43 }
00:25:20.623621   57: 05 dc
00:25:20.623626   60: 'android-dhcp-9'
00:25:20.623635 > allocateAddress to client [01:00:db:3b:7d:b9:ef] (00:db:3b:7d:b9:ef)
00:25:20.623645 > ... found existing binding 172.16.1.4 to [01:00:db:3b:7d:b9:ef] (00:db:3b:7d:b9:ef), acked, valid from 2024-07-25T05:40:21Z for 600s until 2024-07-25T05:50:21Z
00:25:20.623664 Lease time 600 secs (default)
00:25:20.623671 writing leases to C:\Users\Admin\.Ld9VirtualBox\LdNatNetwork1-Dhcpd.leases
00:25:20.628417 >>> requested option 1 (SubnetMask)
00:25:20.628417 ... always supplied
00:25:20.628417 >>> requested option 3 (Routers)
00:25:20.628921 ... found in GlobalConfig (type global)
00:25:20.628927 >>> requested option 6 (DNSes)
00:25:20.628932 ... found in GlobalConfig (type global)
00:25:20.628938 >>> requested option 15 (DomainName)
00:25:20.628944 ... not found
00:25:20.628949 >>> requested option 26 (InterfaceMTU)
00:25:20.628954 ... not found
00:25:20.628959 >>> requested option 28 (BroadcastAddress)
00:25:20.628964 ... not found
00:25:20.628969 >>> requested option 51 (LeaseTime)
00:25:20.628974 ... not found
00:25:20.628979 >>> requested option 58 (RenewalTime)
00:25:20.628984 ... not found
00:25:20.628989 >>> requested option 59 (RebindingTime)
00:25:20.628994 ... not found
00:25:20.628999 >>> requested option 43 (VendorSpecificInfo)
00:25:20.629004 ... not found
00:25:20.629015 encoding option 1 (SubnetMask)
00:25:20.629021 encoding option 3 (Routers)
00:25:20.629026 encoding option 6 (DNSes)
00:25:20.629032 encoding option 51 (LeaseTime)
00:25:20.629038 ACK xid 0x9b906e4f chaddr 00:db:3b:7d:b9:ef
00:25:20.629056  ciaddr 172.16.1.4 yiaddr 172.16.1.4
00:25:20.629079 encoded message: 548 bytes
00:25:20.629081 000000000099e9b0/0000: 02 01 06 00 4f 6e 90 9b-00 00 00 00 ac 10 01 04 ....On..........
00:25:20.629084 000000000099e9c0/0010: ac 10 01 04 00 00 00 00-00 00 00 00 00 db 3b 7d ..............;}
00:25:20.629086 000000000099e9d0/0020: b9 ef 00 00 00 00 00 00-00 00 00 00 00 00 00 00 ................
00:25:20.629089 000000000099e9e0/0030: 00 00 00 00 00 00 00 00-00 00 00 00 00 00 00 00 ................
00:25:20.629091 000000000099e9f0/0040: 00 00 00 00 00 00 00 00-00 00 00 00 00 00 00 00 ................
00:25:20.629092 000000000099ea00/0050: 00 00 00 00 00 00 00 00-00 00 00 00 00 00 00 00 ................
00:25:20.629094 000000000099ea10/0060: 00 00 00 00 00 00 00 00-00 00 00 00 00 00 00 00 ................
00:25:20.629096 000000000099ea20/0070: 00 00 00 00 00 00 00 00-00 00 00 00 00 00 00 00 ................
00:25:20.629098 000000000099ea30/0080: 00 00 00 00 00 00 00 00-00 00 00 00 00 00 00 00 ................
00:25:20.629100 000000000099ea40/0090: 00 00 00 00 00 00 00 00-00 00 00 00 00 00 00 00 ................
00:25:20.629102 000000000099ea50/00a0: 00 00 00 00 00 00 00 00-00 00 00 00 00 00 00 00 ................
00:25:20.629104 000000000099ea60/00b0: 00 00 00 00 00 00 00 00-00 00 00 00 00 00 00 00 ................
00:25:20.629106 000000000099ea70/00c0: 00 00 00 00 00 00 00 00-00 00 00 00 00 00 00 00 ................
00:25:20.629108 000000000099ea80/00d0: 00 00 00 00 00 00 00 00-00 00 00 00 00 00 00 00 ................
00:25:20.629110 000000000099ea90/00e0: 00 00 00 00 00 00 00 00-00 00 00 00 63 82 53 63 ............c.Sc
00:25:20.629112 000000000099eaa0/00f0: 36 04 ac 10 01 03 35 01-05 01 04 ff ff ff 00 03 6.....5.........
00:25:20.629114 000000000099eab0/0100: 04 ac 10 01 01 06 08 cb-71 83 02 cb 71 bc 08 33 ........q...q..3
00:25:20.629116 000000000099eac0/0110: 04 00 00 02 58 ff 00 00-00 00 00 00 00 00 00 00 ....X...........
00:25:20.629118 000000000099ead0/0120: 00 00 00 00 00 00 00 00-00 00 00 00 00 00 00 00 ................
00:25:20.629120 000000000099eae0/0130: 00 00 00 00 00 00 00 00-00 00 00 00 00 00 00 00 ................
00:25:20.629122 000000000099eaf0/0140: 00 00 00 00 00 00 00 00-00 00 00 00 00 00 00 00 ................
00:25:20.629124 000000000099eb00/0150: 00 00 00 00 00 00 00 00-00 00 00 00 00 00 00 00 ................
00:25:20.629126 000000000099eb10/0160: 00 00 00 00 00 00 00 00-00 00 00 00 00 00 00 00 ................
00:25:20.629128 000000000099eb20/0170: 00 00 00 00 00 00 00 00-00 00 00 00 00 00 00 00 ................
00:25:20.629130 000000000099eb30/0180: 00 00 00 00 00 00 00 00-00 00 00 00 00 00 00 00 ................
00:25:20.629131 000000000099eb40/0190: 00 00 00 00 00 00 00 00-00 00 00 00 00 00 00 00 ................
00:25:20.629133 000000000099eb50/01a0: 00 00 00 00 00 00 00 00-00 00 00 00 00 00 00 00 ................
00:25:20.629135 000000000099eb60/01b0: 00 00 00 00 00 00 00 00-00 00 00 00 00 00 00 00 ................
00:25:20.629137 000000000099eb70/01c0: 00 00 00 00 00 00 00 00-00 00 00 00 00 00 00 00 ................
00:25:20.629139 000000000099eb80/01d0: 00 00 00 00 00 00 00 00-00 00 00 00 00 00 00 00 ................
00:25:20.629141 000000000099eb90/01e0: 00 00 00 00 00 00 00 00-00 00 00 00 00 00 00 00 ................
00:25:20.629143 000000000099eba0/01f0: 00 00 00 00 00 00 00 00-00 00 00 00 00 00 00 00 ................
00:25:20.629145 000000000099ebb0/0200: 00 00 00 00 00 00 00 00-00 00 00 00 00 00 00 00 ................
00:25:20.629147 000000000099ebc0/0210: 00 00 00 00 00 00 00 00-00 00 00 00 00 00 00 00 ................
00:25:20.629148 000000000099ebd0/0220: 00 00 00 00                                     ....
00:30:20.632472 REQUEST xid 0x1cdbb826 chaddr 00:db:3b:7d:b9:ef
00:30:20.632512  ciaddr 172.16.1.4
00:30:20.632524  client id: 01 00 db 3b 7d b9 ef
00:30:20.632532  params { 1 3 6 15 26 28 51 58 59 43 }
00:30:20.632587   57: 05 dc
00:30:20.632592   60: 'android-dhcp-9'
00:30:20.632600 > allocateAddress to client [01:00:db:3b:7d:b9:ef] (00:db:3b:7d:b9:ef)
00:30:20.632612 > ... found existing binding 172.16.1.4 to [01:00:db:3b:7d:b9:ef] (00:db:3b:7d:b9:ef), acked, valid from 2024-07-25T05:45:21Z for 600s until 2024-07-25T05:55:21Z
00:30:20.632628 Lease time 600 secs (default)
00:30:20.632634 writing leases to C:\Users\Admin\.Ld9VirtualBox\LdNatNetwork1-Dhcpd.leases
00:30:20.637968 >>> requested option 1 (SubnetMask)
00:30:20.637968 ... always supplied
00:30:20.637968 >>> requested option 3 (Routers)
00:30:20.637968 ... found in GlobalConfig (type global)
00:30:20.637968 >>> requested option 6 (DNSes)
00:30:20.637968 ... found in GlobalConfig (type global)
00:30:20.637968 >>> requested option 15 (DomainName)
00:30:20.637968 ... not found
00:30:20.637968 >>> requested option 26 (InterfaceMTU)
00:30:20.637968 ... not found
00:30:20.637968 >>> requested option 28 (BroadcastAddress)
00:30:20.637968 ... not found
00:30:20.637968 >>> requested option 51 (LeaseTime)
00:30:20.637968 ... not found
00:30:20.638127 >>> requested option 58 (RenewalTime)
00:30:20.638132 ... not found
00:30:20.638136 >>> requested option 59 (RebindingTime)
00:30:20.638141 ... not found
00:30:20.638145 >>> requested option 43 (VendorSpecificInfo)
00:30:20.638150 ... not found
00:30:20.638158 encoding option 1 (SubnetMask)
00:30:20.638163 encoding option 3 (Routers)
00:30:20.638168 encoding option 6 (DNSes)
00:30:20.638173 encoding option 51 (LeaseTime)
00:30:20.638179 ACK xid 0x1cdbb826 chaddr 00:db:3b:7d:b9:ef
00:30:20.638194  ciaddr 172.16.1.4 yiaddr 172.16.1.4
00:30:20.638208 encoded message: 548 bytes
00:30:20.638210 000000000099e9b0/0000: 02 01 06 00 26 b8 db 1c-00 00 00 00 ac 10 01 04 ....&...........
00:30:20.638213 000000000099e9c0/0010: ac 10 01 04 00 00 00 00-00 00 00 00 00 db 3b 7d ..............;}
00:30:20.638215 000000000099e9d0/0020: b9 ef 00 00 00 00 00 00-00 00 00 00 00 00 00 00 ................
00:30:20.638217 000000000099e9e0/0030: 00 00 00 00 00 00 00 00-00 00 00 00 00 00 00 00 ................
00:30:20.638218 000000000099e9f0/0040: 00 00 00 00 00 00 00 00-00 00 00 00 00 00 00 00 ................
00:30:20.638220 000000000099ea00/0050: 00 00 00 00 00 00 00 00-00 00 00 00 00 00 00 00 ................
00:30:20.638222 000000000099ea10/0060: 00 00 00 00 00 00 00 00-00 00 00 00 00 00 00 00 ................
00:30:20.638224 000000000099ea20/0070: 00 00 00 00 00 00 00 00-00 00 00 00 00 00 00 00 ................
00:30:20.638225 000000000099ea30/0080: 00 00 00 00 00 00 00 00-00 00 00 00 00 00 00 00 ................
00:30:20.638227 000000000099ea40/0090: 00 00 00 00 00 00 00 00-00 00 00 00 00 00 00 00 ................
00:30:20.638229 000000000099ea50/00a0: 00 00 00 00 00 00 00 00-00 00 00 00 00 00 00 00 ................
00:30:20.638230 000000000099ea60/00b0: 00 00 00 00 00 00 00 00-00 00 00 00 00 00 00 00 ................
00:30:20.638232 000000000099ea70/00c0: 00 00 00 00 00 00 00 00-00 00 00 00 00 00 00 00 ................
00:30:20.638234 000000000099ea80/00d0: 00 00 00 00 00 00 00 00-00 00 00 00 00 00 00 00 ................
00:30:20.638235 000000000099ea90/00e0: 00 00 00 00 00 00 00 00-00 00 00 00 63 82 53 63 ............c.Sc
00:30:20.638237 000000000099eaa0/00f0: 36 04 ac 10 01 03 35 01-05 01 04 ff ff ff 00 03 6.....5.........
00:30:20.638239 000000000099eab0/0100: 04 ac 10 01 01 06 08 cb-71 83 02 cb 71 bc 08 33 ........q...q..3
00:30:20.638241 000000000099eac0/0110: 04 00 00 02 58 ff 00 00-00 00 00 00 00 00 00 00 ....X...........
00:30:20.638243 000000000099ead0/0120: 00 00 00 00 00 00 00 00-00 00 00 00 00 00 00 00 ................
00:30:20.638244 000000000099eae0/0130: 00 00 00 00 00 00 00 00-00 00 00 00 00 00 00 00 ................
00:30:20.638246 000000000099eaf0/0140: 00 00 00 00 00 00 00 00-00 00 00 00 00 00 00 00 ................
00:30:20.638248 000000000099eb00/0150: 00 00 00 00 00 00 00 00-00 00 00 00 00 00 00 00 ................
00:30:20.638249 000000000099eb10/0160: 00 00 00 00 00 00 00 00-00 00 00 00 00 00 00 00 ................
00:30:20.638251 000000000099eb20/0170: 00 00 00 00 00 00 00 00-00 00 00 00 00 00 00 00 ................
00:30:20.638253 000000000099eb30/0180: 00 00 00 00 00 00 00 00-00 00 00 00 00 00 00 00 ................
00:30:20.638255 000000000099eb40/0190: 00 00 00 00 00 00 00 00-00 00 00 00 00 00 00 00 ................
00:30:20.638256 000000000099eb50/01a0: 00 00 00 00 00 00 00 00-00 00 00 00 00 00 00 00 ................
00:30:20.638258 000000000099eb60/01b0: 00 00 00 00 00 00 00 00-00 00 00 00 00 00 00 00 ................
00:30:20.638260 000000000099eb70/01c0: 00 00 00 00 00 00 00 00-00 00 00 00 00 00 00 00 ................
00:30:20.638261 000000000099eb80/01d0: 00 00 00 00 00 00 00 00-00 00 00 00 00 00 00 00 ................
00:30:20.638263 000000000099eb90/01e0: 00 00 00 00 00 00 00 00-00 00 00 00 00 00 00 00 ................
00:30:20.638265 000000000099eba0/01f0: 00 00 00 00 00 00 00 00-00 00 00 00 00 00 00 00 ................
00:30:20.638266 000000000099ebb0/0200: 00 00 00 00 00 00 00 00-00 00 00 00 00 00 00 00 ................
00:30:20.638268 000000000099ebc0/0210: 00 00 00 00 00 00 00 00-00 00 00 00 00 00 00 00 ................
00:30:20.638270 000000000099ebd0/0220: 00 00 00 00                                     ....
00:35:20.640109 REQUEST xid 0x430aa85d chaddr 00:db:3b:7d:b9:ef
00:35:20.640142  ciaddr 172.16.1.4
00:35:20.640150  client id: 01 00 db 3b 7d b9 ef
00:35:20.640154  params { 1 3 6 15 26 28 51 58 59 43 }
00:35:20.640189   57: 05 dc
00:35:20.640192   60: 'android-dhcp-9'
00:35:20.640197 > allocateAddress to client [01:00:db:3b:7d:b9:ef] (00:db:3b:7d:b9:ef)
00:35:20.640204 > ... found existing binding 172.16.1.4 to [01:00:db:3b:7d:b9:ef] (00:db:3b:7d:b9:ef), acked, valid from 2024-07-25T05:50:21Z for 600s until 2024-07-25T06:00:21Z
00:35:20.640212 Lease time 600 secs (default)
00:35:20.640217 writing leases to C:\Users\Admin\.Ld9VirtualBox\LdNatNetwork1-Dhcpd.leases
00:35:20.645967 >>> requested option 1 (SubnetMask)
00:35:20.645984 ... always supplied
00:35:20.645989 >>> requested option 3 (Routers)
00:35:20.645994 ... found in GlobalConfig (type global)
00:35:20.645998 >>> requested option 6 (DNSes)
00:35:20.646002 ... found in GlobalConfig (type global)
00:35:20.646006 >>> requested option 15 (DomainName)
00:35:20.646010 ... not found
00:35:20.646014 >>> requested option 26 (InterfaceMTU)
00:35:20.646018 ... not found
00:35:20.646021 >>> requested option 28 (BroadcastAddress)
00:35:20.646025 ... not found
00:35:20.646029 >>> requested option 51 (LeaseTime)
00:35:20.646033 ... not found
00:35:20.646036 >>> requested option 58 (RenewalTime)
00:35:20.646040 ... not found
00:35:20.646043 >>> requested option 59 (RebindingTime)
00:35:20.646047 ... not found
00:35:20.646051 >>> requested option 43 (VendorSpecificInfo)
00:35:20.646055 ... not found
00:35:20.646063 encoding option 1 (SubnetMask)
00:35:20.646067 encoding option 3 (Routers)
00:35:20.646071 encoding option 6 (DNSes)
00:35:20.646074 encoding option 51 (LeaseTime)
00:35:20.646079 ACK xid 0x430aa85d chaddr 00:db:3b:7d:b9:ef
00:35:20.646092  ciaddr 172.16.1.4 yiaddr 172.16.1.4
00:35:20.646104 encoded message: 548 bytes
00:35:20.646105 000000000099e9b0/0000: 02 01 06 00 5d a8 0a 43-00 00 00 00 ac 10 01 04 ....]..C........
00:35:20.646108 000000000099e9c0/0010: ac 10 01 04 00 00 00 00-00 00 00 00 00 db 3b 7d ..............;}
00:35:20.646110 000000000099e9d0/0020: b9 ef 00 00 00 00 00 00-00 00 00 00 00 00 00 00 ................
00:35:20.646111 000000000099e9e0/0030: 00 00 00 00 00 00 00 00-00 00 00 00 00 00 00 00 ................
00:35:20.646112 000000000099e9f0/0040: 00 00 00 00 00 00 00 00-00 00 00 00 00 00 00 00 ................
00:35:20.646114 000000000099ea00/0050: 00 00 00 00 00 00 00 00-00 00 00 00 00 00 00 00 ................
00:35:20.646115 000000000099ea10/0060: 00 00 00 00 00 00 00 00-00 00 00 00 00 00 00 00 ................
00:35:20.646117 000000000099ea20/0070: 00 00 00 00 00 00 00 00-00 00 00 00 00 00 00 00 ................
00:35:20.646118 000000000099ea30/0080: 00 00 00 00 00 00 00 00-00 00 00 00 00 00 00 00 ................
00:35:20.646119 000000000099ea40/0090: 00 00 00 00 00 00 00 00-00 00 00 00 00 00 00 00 ................
00:35:20.646121 000000000099ea50/00a0: 00 00 00 00 00 00 00 00-00 00 00 00 00 00 00 00 ................
00:35:20.646122 000000000099ea60/00b0: 00 00 00 00 00 00 00 00-00 00 00 00 00 00 00 00 ................
00:35:20.646124 000000000099ea70/00c0: 00 00 00 00 00 00 00 00-00 00 00 00 00 00 00 00 ................
00:35:20.646125 000000000099ea80/00d0: 00 00 00 00 00 00 00 00-00 00 00 00 00 00 00 00 ................
00:35:20.646126 000000000099ea90/00e0: 00 00 00 00 00 00 00 00-00 00 00 00 63 82 53 63 ............c.Sc
00:35:20.646128 000000000099eaa0/00f0: 36 04 ac 10 01 03 35 01-05 01 04 ff ff ff 00 03 6.....5.........
00:35:20.646129 000000000099eab0/0100: 04 ac 10 01 01 06 08 cb-71 83 02 cb 71 bc 08 33 ........q...q..3
00:35:20.646131 000000000099eac0/0110: 04 00 00 02 58 ff 00 00-00 00 00 00 00 00 00 00 ....X...........
00:35:20.646132 000000000099ead0/0120: 00 00 00 00 00 00 00 00-00 00 00 00 00 00 00 00 ................
00:35:20.646134 000000000099eae0/0130: 00 00 00 00 00 00 00 00-00 00 00 00 00 00 00 00 ................
00:35:20.646135 000000000099eaf0/0140: 00 00 00 00 00 00 00 00-00 00 00 00 00 00 00 00 ................
00:35:20.646137 000000000099eb00/0150: 00 00 00 00 00 00 00 00-00 00 00 00 00 00 00 00 ................
00:35:20.646138 000000000099eb10/0160: 00 00 00 00 00 00 00 00-00 00 00 00 00 00 00 00 ................
00:35:20.646139 000000000099eb20/0170: 00 00 00 00 00 00 00 00-00 00 00 00 00 00 00 00 ................
00:35:20.646141 000000000099eb30/0180: 00 00 00 00 00 00 00 00-00 00 00 00 00 00 00 00 ................
00:35:20.646142 000000000099eb40/0190: 00 00 00 00 00 00 00 00-00 00 00 00 00 00 00 00 ................
00:35:20.646144 000000000099eb50/01a0: 00 00 00 00 00 00 00 00-00 00 00 00 00 00 00 00 ................
00:35:20.646145 000000000099eb60/01b0: 00 00 00 00 00 00 00 00-00 00 00 00 00 00 00 00 ................
00:35:20.646146 000000000099eb70/01c0: 00 00 00 00 00 00 00 00-00 00 00 00 00 00 00 00 ................
00:35:20.646148 000000000099eb80/01d0: 00 00 00 00 00 00 00 00-00 00 00 00 00 00 00 00 ................
00:35:20.646149 000000000099eb90/01e0: 00 00 00 00 00 00 00 00-00 00 00 00 00 00 00 00 ................
00:35:20.646150 000000000099eba0/01f0: 00 00 00 00 00 00 00 00-00 00 00 00 00 00 00 00 ................
00:35:20.646152 000000000099ebb0/0200: 00 00 00 00 00 00 00 00-00 00 00 00 00 00 00 00 ................
00:35:20.646153 000000000099ebc0/0210: 00 00 00 00 00 00 00 00-00 00 00 00 00 00 00 00 ................
00:35:20.646155 000000000099ebd0/0220: 00 00 00 00                                     ....
00:40:20.662589 REQUEST xid 0x47e5b9d9 chaddr 00:db:3b:7d:b9:ef
00:40:20.662618  ciaddr 172.16.1.4
00:40:20.662627  client id: 01 00 db 3b 7d b9 ef
00:40:20.662632  params { 1 3 6 15 26 28 51 58 59 43 }
00:40:20.662673   57: 05 dc
00:40:20.662677   60: 'android-dhcp-9'
00:40:20.662683 > allocateAddress to client [01:00:db:3b:7d:b9:ef] (00:db:3b:7d:b9:ef)
00:40:20.662690 > ... found existing binding 172.16.1.4 to [01:00:db:3b:7d:b9:ef] (00:db:3b:7d:b9:ef), acked, valid from 2024-07-25T05:55:21Z for 600s until 2024-07-25T06:05:21Z
00:40:20.662700 Lease time 600 secs (default)
00:40:20.662706 writing leases to C:\Users\Admin\.Ld9VirtualBox\LdNatNetwork1-Dhcpd.leases
00:40:20.667458 >>> requested option 1 (SubnetMask)
00:40:20.667470 ... always supplied
00:40:20.667474 >>> requested option 3 (Routers)
00:40:20.667478 ... found in GlobalConfig (type global)
00:40:20.667482 >>> requested option 6 (DNSes)
00:40:20.667485 ... found in GlobalConfig (type global)
00:40:20.667489 >>> requested option 15 (DomainName)
00:40:20.667493 ... not found
00:40:20.667496 >>> requested option 26 (InterfaceMTU)
00:40:20.667500 ... not found
00:40:20.667503 >>> requested option 28 (BroadcastAddress)
00:40:20.667507 ... not found
00:40:20.667510 >>> requested option 51 (LeaseTime)
00:40:20.667513 ... not found
00:40:20.667517 >>> requested option 58 (RenewalTime)
00:40:20.667520 ... not found
00:40:20.667523 >>> requested option 59 (RebindingTime)
00:40:20.667529 ... not found
00:40:20.667534 >>> requested option 43 (VendorSpecificInfo)
00:40:20.667538 ... not found
00:40:20.667545 encoding option 1 (SubnetMask)
00:40:20.667549 encoding option 3 (Routers)
00:40:20.667552 encoding option 6 (DNSes)
00:40:20.667556 encoding option 51 (LeaseTime)
00:40:20.667560 ACK xid 0x47e5b9d9 chaddr 00:db:3b:7d:b9:ef
00:40:20.667572  ciaddr 172.16.1.4 yiaddr 172.16.1.4
00:40:20.667583 encoded message: 548 bytes
00:40:20.667584 000000000099e9b0/0000: 02 01 06 00 d9 b9 e5 47-00 00 00 00 ac 10 01 04 .......G........
00:40:20.667586 000000000099e9c0/0010: ac 10 01 04 00 00 00 00-00 00 00 00 00 db 3b 7d ..............;}
00:40:20.667588 000000000099e9d0/0020: b9 ef 00 00 00 00 00 00-00 00 00 00 00 00 00 00 ................
00:40:20.667589 000000000099e9e0/0030: 00 00 00 00 00 00 00 00-00 00 00 00 00 00 00 00 ................
00:40:20.667590 000000000099e9f0/0040: 00 00 00 00 00 00 00 00-00 00 00 00 00 00 00 00 ................
00:40:20.667592 000000000099ea00/0050: 00 00 00 00 00 00 00 00-00 00 00 00 00 00 00 00 ................
00:40:20.667593 000000000099ea10/0060: 00 00 00 00 00 00 00 00-00 00 00 00 00 00 00 00 ................
00:40:20.667594 000000000099ea20/0070: 00 00 00 00 00 00 00 00-00 00 00 00 00 00 00 00 ................
00:40:20.667596 000000000099ea30/0080: 00 00 00 00 00 00 00 00-00 00 00 00 00 00 00 00 ................
00:40:20.667597 000000000099ea40/0090: 00 00 00 00 00 00 00 00-00 00 00 00 00 00 00 00 ................
00:40:20.667598 000000000099ea50/00a0: 00 00 00 00 00 00 00 00-00 00 00 00 00 00 00 00 ................
00:40:20.667599 000000000099ea60/00b0: 00 00 00 00 00 00 00 00-00 00 00 00 00 00 00 00 ................
00:40:20.667601 000000000099ea70/00c0: 00 00 00 00 00 00 00 00-00 00 00 00 00 00 00 00 ................
00:40:20.667602 000000000099ea80/00d0: 00 00 00 00 00 00 00 00-00 00 00 00 00 00 00 00 ................
00:40:20.667603 000000000099ea90/00e0: 00 00 00 00 00 00 00 00-00 00 00 00 63 82 53 63 ............c.Sc
00:40:20.667604 000000000099eaa0/00f0: 36 04 ac 10 01 03 35 01-05 01 04 ff ff ff 00 03 6.....5.........
00:40:20.667606 000000000099eab0/0100: 04 ac 10 01 01 06 08 cb-71 83 02 cb 71 bc 08 33 ........q...q..3
00:40:20.667607 000000000099eac0/0110: 04 00 00 02 58 ff 00 00-00 00 00 00 00 00 00 00 ....X...........
00:40:20.667609 000000000099ead0/0120: 00 00 00 00 00 00 00 00-00 00 00 00 00 00 00 00 ................
00:40:20.667610 000000000099eae0/0130: 00 00 00 00 00 00 00 00-00 00 00 00 00 00 00 00 ................
00:40:20.667611 000000000099eaf0/0140: 00 00 00 00 00 00 00 00-00 00 00 00 00 00 00 00 ................
00:40:20.667613 000000000099eb00/0150: 00 00 00 00 00 00 00 00-00 00 00 00 00 00 00 00 ................
00:40:20.667614 000000000099eb10/0160: 00 00 00 00 00 00 00 00-00 00 00 00 00 00 00 00 ................
00:40:20.667615 000000000099eb20/0170: 00 00 00 00 00 00 00 00-00 00 00 00 00 00 00 00 ................
00:40:20.667616 000000000099eb30/0180: 00 00 00 00 00 00 00 00-00 00 00 00 00 00 00 00 ................
00:40:20.667618 000000000099eb40/0190: 00 00 00 00 00 00 00 00-00 00 00 00 00 00 00 00 ................
00:40:20.667619 000000000099eb50/01a0: 00 00 00 00 00 00 00 00-00 00 00 00 00 00 00 00 ................
00:40:20.667620 000000000099eb60/01b0: 00 00 00 00 00 00 00 00-00 00 00 00 00 00 00 00 ................
00:40:20.667621 000000000099eb70/01c0: 00 00 00 00 00 00 00 00-00 00 00 00 00 00 00 00 ................
00:40:20.667623 000000000099eb80/01d0: 00 00 00 00 00 00 00 00-00 00 00 00 00 00 00 00 ................
00:40:20.667624 000000000099eb90/01e0: 00 00 00 00 00 00 00 00-00 00 00 00 00 00 00 00 ................
00:40:20.667625 000000000099eba0/01f0: 00 00 00 00 00 00 00 00-00 00 00 00 00 00 00 00 ................
00:40:20.667627 000000000099ebb0/0200: 00 00 00 00 00 00 00 00-00 00 00 00 00 00 00 00 ................
00:40:20.667628 000000000099ebc0/0210: 00 00 00 00 00 00 00 00-00 00 00 00 00 00 00 00 ................
00:40:20.667629 000000000099ebd0/0220: 00 00 00 00                                     ....
