00:00:00.006191 VirtualBox DHCP Server 4.1.34 r915953336 win.amd64 (Jul 26 2022 16:16:05) release log
00:00:00.006195 Log opened 2024-07-25T05:20:06.288174400Z
00:00:00.006196 Build Type: release
00:00:00.006207 OS Product: Windows 11
00:00:00.006209 OS Release: 10.0.22631
00:00:00.006210 OS Service Pack: 
00:00:00.055926 DMI Product Name: Nitro AN515-54
00:00:00.132449 DMI Product Version: V1.33
00:00:00.132464 Firmware type: UEFI
00:00:00.133271 Secure Boot: VERR_PRIVILEGE_NOT_HELD
00:00:00.133475 Host RAM: 16221MB (15.8GB) total, 8056MB (7.8GB) available
00:00:00.133485 Executable: C:\Program Files\ldplayer9box\VBoxNetDHCP.exe
00:00:00.133487 Process ID: 17104
00:00:00.133488 Package type: WINDOWS_64BITS_GENERIC (OSE)
00:00:00.133705 --config:  LdNatNetwork2
00:00:00.133725 --comment: LdNatNetwork2
00:00:00.141991 IP address:   172.16.1.3/24
00:00:00.142021 Address pool: 172.16.1.4 - 172.16.1.254
00:00:00.142090 MAC address is not specified: will use generated MAC 08:00:27:33:0b:2e
00:00:00.142112 Db::i_enterFixedAddressAssignment: 08:00:27:33:0b:2e: 172.16.1.3
00:00:00.142128 loading leases from C:\Users\Admin\.Ld9VirtualBox\LdNatNetwork2-Dhcpd.leases
00:00:00.142660 > LOAD: EXPIRED lease 172.16.1.4 to [01:00:db:cd:56:df:a1] (00:db:cd:56:df:a1), acked, valid from 2024-07-25T05:15:18Z for 600s until 2024-07-25T05:25:18Z
00:00:25.489992 DISCOVER xid 0x70edf7d7 chaddr 00:db:cd:56:df:a1
00:00:25.490089  ciaddr 0.0.0.0
00:00:25.490109  client id: 01 00 db cd 56 df a1
00:00:25.490122  params { 1 3 6 15 26 28 51 58 59 43 }
00:00:25.490311   57: 05 dc
00:00:25.490324   60: 'android-dhcp-9'
00:00:25.490380 > allocateAddress to client [01:00:db:cd:56:df:a1] (00:db:cd:56:df:a1)
00:00:25.490396 > ... found existing binding 172.16.1.4 to [01:00:db:cd:56:df:a1] (00:db:cd:56:df:a1), acked, valid from 2024-07-25T05:15:18Z for 600s until 2024-07-25T05:25:18Z
00:00:25.490417 Lease time 600 secs (default)
00:00:25.490432 >>> requested option 1 (SubnetMask)
00:00:25.490441 ... always supplied
00:00:25.490449 >>> requested option 3 (Routers)
00:00:25.490459 ... found in GlobalConfig (type global)
00:00:25.490469 >>> requested option 6 (DNSes)
00:00:25.490478 ... found in GlobalConfig (type global)
00:00:25.490488 >>> requested option 15 (DomainName)
00:00:25.490497 ... not found
00:00:25.490505 >>> requested option 26 (InterfaceMTU)
00:00:25.490514 ... not found
00:00:25.490522 >>> requested option 28 (BroadcastAddress)
00:00:25.490531 ... not found
00:00:25.490539 >>> requested option 51 (LeaseTime)
00:00:25.490548 ... not found
00:00:25.490556 >>> requested option 58 (RenewalTime)
00:00:25.490582 ... not found
00:00:25.490590 >>> requested option 59 (RebindingTime)
00:00:25.490598 ... not found
00:00:25.490606 >>> requested option 43 (VendorSpecificInfo)
00:00:25.490615 ... not found
00:00:25.490633 encoding option 1 (SubnetMask)
00:00:25.490644 encoding option 3 (Routers)
00:00:25.490653 encoding option 6 (DNSes)
00:00:25.490662 encoding option 51 (LeaseTime)
00:00:25.490673 OFFER xid 0x70edf7d7 chaddr 00:db:cd:56:df:a1
00:00:25.490700  ciaddr 0.0.0.0 yiaddr 172.16.1.4
00:00:25.490726 encoded message: 548 bytes
00:00:25.490728 0000000002ad1e20/0000: 02 01 06 00 d7 f7 ed 70-00 00 00 00 00 00 00 00 .......p........
00:00:25.490741 0000000002ad1e30/0010: ac 10 01 04 00 00 00 00-00 00 00 00 00 db cd 56 ...............V
00:00:25.490745 0000000002ad1e40/0020: df a1 00 00 00 00 00 00-00 00 00 00 00 00 00 00 ................
00:00:25.490749 0000000002ad1e50/0030: 00 00 00 00 00 00 00 00-00 00 00 00 00 00 00 00 ................
00:00:25.490753 0000000002ad1e60/0040: 00 00 00 00 00 00 00 00-00 00 00 00 00 00 00 00 ................
00:00:25.490757 0000000002ad1e70/0050: 00 00 00 00 00 00 00 00-00 00 00 00 00 00 00 00 ................
00:00:25.490761 0000000002ad1e80/0060: 00 00 00 00 00 00 00 00-00 00 00 00 00 00 00 00 ................
00:00:25.490765 0000000002ad1e90/0070: 00 00 00 00 00 00 00 00-00 00 00 00 00 00 00 00 ................
00:00:25.490769 0000000002ad1ea0/0080: 00 00 00 00 00 00 00 00-00 00 00 00 00 00 00 00 ................
00:00:25.490773 0000000002ad1eb0/0090: 00 00 00 00 00 00 00 00-00 00 00 00 00 00 00 00 ................
00:00:25.490777 0000000002ad1ec0/00a0: 00 00 00 00 00 00 00 00-00 00 00 00 00 00 00 00 ................
00:00:25.490780 0000000002ad1ed0/00b0: 00 00 00 00 00 00 00 00-00 00 00 00 00 00 00 00 ................
00:00:25.490784 0000000002ad1ee0/00c0: 00 00 00 00 00 00 00 00-00 00 00 00 00 00 00 00 ................
00:00:25.490788 0000000002ad1ef0/00d0: 00 00 00 00 00 00 00 00-00 00 00 00 00 00 00 00 ................
00:00:25.490792 0000000002ad1f00/00e0: 00 00 00 00 00 00 00 00-00 00 00 00 63 82 53 63 ............c.Sc
00:00:25.490796 0000000002ad1f10/00f0: 36 04 ac 10 01 03 35 01-02 01 04 ff ff ff 00 03 6.....5.........
00:00:25.490800 0000000002ad1f20/0100: 04 ac 10 01 01 06 08 cb-71 83 02 cb 71 bc 08 33 ........q...q..3
00:00:25.490804 0000000002ad1f30/0110: 04 00 00 02 58 ff 00 00-00 00 00 00 00 00 00 00 ....X...........
00:00:25.490808 0000000002ad1f40/0120: 00 00 00 00 00 00 00 00-00 00 00 00 00 00 00 00 ................
00:00:25.490812 0000000002ad1f50/0130: 00 00 00 00 00 00 00 00-00 00 00 00 00 00 00 00 ................
00:00:25.490816 0000000002ad1f60/0140: 00 00 00 00 00 00 00 00-00 00 00 00 00 00 00 00 ................
00:00:25.490820 0000000002ad1f70/0150: 00 00 00 00 00 00 00 00-00 00 00 00 00 00 00 00 ................
00:00:25.490824 0000000002ad1f80/0160: 00 00 00 00 00 00 00 00-00 00 00 00 00 00 00 00 ................
00:00:25.490827 0000000002ad1f90/0170: 00 00 00 00 00 00 00 00-00 00 00 00 00 00 00 00 ................
00:00:25.490831 0000000002ad1fa0/0180: 00 00 00 00 00 00 00 00-00 00 00 00 00 00 00 00 ................
00:00:25.490835 0000000002ad1fb0/0190: 00 00 00 00 00 00 00 00-00 00 00 00 00 00 00 00 ................
00:00:25.490839 0000000002ad1fc0/01a0: 00 00 00 00 00 00 00 00-00 00 00 00 00 00 00 00 ................
00:00:25.490843 0000000002ad1fd0/01b0: 00 00 00 00 00 00 00 00-00 00 00 00 00 00 00 00 ................
00:00:25.490846 0000000002ad1fe0/01c0: 00 00 00 00 00 00 00 00-00 00 00 00 00 00 00 00 ................
00:00:25.490850 0000000002ad1ff0/01d0: 00 00 00 00 00 00 00 00-00 00 00 00 00 00 00 00 ................
00:00:25.490854 0000000002ad2000/01e0: 00 00 00 00 00 00 00 00-00 00 00 00 00 00 00 00 ................
00:00:25.490858 0000000002ad2010/01f0: 00 00 00 00 00 00 00 00-00 00 00 00 00 00 00 00 ................
00:00:25.490861 0000000002ad2020/0200: 00 00 00 00 00 00 00 00-00 00 00 00 00 00 00 00 ................
00:00:25.490865 0000000002ad2030/0210: 00 00 00 00 00 00 00 00-00 00 00 00 00 00 00 00 ................
00:00:25.490869 0000000002ad2040/0220: 00 00 00 00                                     ....
00:00:25.501134 REQUEST xid 0x70edf7d7 chaddr 00:db:cd:56:df:a1
00:00:25.501180  ciaddr 0.0.0.0
00:00:25.501196  for server 172.16.1.3 client id: 01 00 db cd 56 df a1
00:00:25.501216  requested address 172.16.1.4
00:00:25.501233  params { 1 3 6 15 26 28 51 58 59 43 }
00:00:25.501315   54: ac 10 01 03
00:00:25.501324   57: 05 dc
00:00:25.501332   60: 'android-dhcp-9'
00:00:25.501346 > allocateAddress 172.16.1.4 to client [01:00:db:cd:56:df:a1] (00:db:cd:56:df:a1)
00:00:25.501362 > ... found existing binding 172.16.1.4 to [01:00:db:cd:56:df:a1] (00:db:cd:56:df:a1), acked, valid from 2024-07-25T05:20:31Z for 600s until 2024-07-25T05:30:31Z
00:00:25.501381 Lease time 600 secs (default)
00:00:25.501391 writing leases to C:\Users\Admin\.Ld9VirtualBox\LdNatNetwork2-Dhcpd.leases
00:00:25.507604 >>> requested option 1 (SubnetMask)
00:00:25.507628 ... always supplied
00:00:25.507637 >>> requested option 3 (Routers)
00:00:25.507645 ... found in GlobalConfig (type global)
00:00:25.507653 >>> requested option 6 (DNSes)
00:00:25.507661 ... found in GlobalConfig (type global)
00:00:25.507669 >>> requested option 15 (DomainName)
00:00:25.507677 ... not found
00:00:25.507684 >>> requested option 26 (InterfaceMTU)
00:00:25.507691 ... not found
00:00:25.507698 >>> requested option 28 (BroadcastAddress)
00:00:25.507716 ... not found
00:00:25.507727 >>> requested option 51 (LeaseTime)
00:00:25.507734 ... not found
00:00:25.507741 >>> requested option 58 (RenewalTime)
00:00:25.507749 ... not found
00:00:25.507756 >>> requested option 59 (RebindingTime)
00:00:25.507763 ... not found
00:00:25.507770 >>> requested option 43 (VendorSpecificInfo)
00:00:25.507777 ... not found
00:00:25.507792 encoding option 1 (SubnetMask)
00:00:25.507800 encoding option 3 (Routers)
00:00:25.507808 encoding option 6 (DNSes)
00:00:25.507815 encoding option 51 (LeaseTime)
00:00:25.507824 ACK xid 0x70edf7d7 chaddr 00:db:cd:56:df:a1
00:00:25.507848  ciaddr 0.0.0.0 yiaddr 172.16.1.4
00:00:25.507871 encoded message: 548 bytes
00:00:25.507873 0000000000d8eb20/0000: 02 01 06 00 d7 f7 ed 70-00 00 00 00 00 00 00 00 .......p........
00:00:25.507878 0000000000d8eb30/0010: ac 10 01 04 00 00 00 00-00 00 00 00 00 db cd 56 ...............V
00:00:25.507882 0000000000d8eb40/0020: df a1 00 00 00 00 00 00-00 00 00 00 00 00 00 00 ................
00:00:25.507885 0000000000d8eb50/0030: 00 00 00 00 00 00 00 00-00 00 00 00 00 00 00 00 ................
00:00:25.507889 0000000000d8eb60/0040: 00 00 00 00 00 00 00 00-00 00 00 00 00 00 00 00 ................
00:00:25.507892 0000000000d8eb70/0050: 00 00 00 00 00 00 00 00-00 00 00 00 00 00 00 00 ................
00:00:25.507896 0000000000d8eb80/0060: 00 00 00 00 00 00 00 00-00 00 00 00 00 00 00 00 ................
00:00:25.507900 0000000000d8eb90/0070: 00 00 00 00 00 00 00 00-00 00 00 00 00 00 00 00 ................
00:00:25.507903 0000000000d8eba0/0080: 00 00 00 00 00 00 00 00-00 00 00 00 00 00 00 00 ................
00:00:25.507907 0000000000d8ebb0/0090: 00 00 00 00 00 00 00 00-00 00 00 00 00 00 00 00 ................
00:00:25.507910 0000000000d8ebc0/00a0: 00 00 00 00 00 00 00 00-00 00 00 00 00 00 00 00 ................
00:00:25.507914 0000000000d8ebd0/00b0: 00 00 00 00 00 00 00 00-00 00 00 00 00 00 00 00 ................
00:00:25.507917 0000000000d8ebe0/00c0: 00 00 00 00 00 00 00 00-00 00 00 00 00 00 00 00 ................
00:00:25.507921 0000000000d8ebf0/00d0: 00 00 00 00 00 00 00 00-00 00 00 00 00 00 00 00 ................
00:00:25.507924 0000000000d8ec00/00e0: 00 00 00 00 00 00 00 00-00 00 00 00 63 82 53 63 ............c.Sc
00:00:25.507927 0000000000d8ec10/00f0: 36 04 ac 10 01 03 35 01-05 01 04 ff ff ff 00 03 6.....5.........
00:00:25.507931 0000000000d8ec20/0100: 04 ac 10 01 01 06 08 cb-71 83 02 cb 71 bc 08 33 ........q...q..3
00:00:25.507935 0000000000d8ec30/0110: 04 00 00 02 58 ff 00 00-00 00 00 00 00 00 00 00 ....X...........
00:00:25.507938 0000000000d8ec40/0120: 00 00 00 00 00 00 00 00-00 00 00 00 00 00 00 00 ................
00:00:25.507942 0000000000d8ec50/0130: 00 00 00 00 00 00 00 00-00 00 00 00 00 00 00 00 ................
00:00:25.507945 0000000000d8ec60/0140: 00 00 00 00 00 00 00 00-00 00 00 00 00 00 00 00 ................
00:00:25.507949 0000000000d8ec70/0150: 00 00 00 00 00 00 00 00-00 00 00 00 00 00 00 00 ................
00:00:25.507953 0000000000d8ec80/0160: 00 00 00 00 00 00 00 00-00 00 00 00 00 00 00 00 ................
00:00:25.507956 0000000000d8ec90/0170: 00 00 00 00 00 00 00 00-00 00 00 00 00 00 00 00 ................
00:00:25.507959 0000000000d8eca0/0180: 00 00 00 00 00 00 00 00-00 00 00 00 00 00 00 00 ................
00:00:25.507963 0000000000d8ecb0/0190: 00 00 00 00 00 00 00 00-00 00 00 00 00 00 00 00 ................
00:00:25.507967 0000000000d8ecc0/01a0: 00 00 00 00 00 00 00 00-00 00 00 00 00 00 00 00 ................
00:00:25.507970 0000000000d8ecd0/01b0: 00 00 00 00 00 00 00 00-00 00 00 00 00 00 00 00 ................
00:00:25.507974 0000000000d8ece0/01c0: 00 00 00 00 00 00 00 00-00 00 00 00 00 00 00 00 ................
00:00:25.507977 0000000000d8ecf0/01d0: 00 00 00 00 00 00 00 00-00 00 00 00 00 00 00 00 ................
00:00:25.507981 0000000000d8ed00/01e0: 00 00 00 00 00 00 00 00-00 00 00 00 00 00 00 00 ................
00:00:25.507984 0000000000d8ed10/01f0: 00 00 00 00 00 00 00 00-00 00 00 00 00 00 00 00 ................
00:00:25.507988 0000000000d8ed20/0200: 00 00 00 00 00 00 00 00-00 00 00 00 00 00 00 00 ................
00:00:25.507991 0000000000d8ed30/0210: 00 00 00 00 00 00 00 00-00 00 00 00 00 00 00 00 ................
00:00:25.507995 0000000000d8ed40/0220: 00 00 00 00                                     ....
00:05:25.530177 REQUEST xid 0x587fe02c chaddr 00:db:cd:56:df:a1
00:05:25.530221  ciaddr 172.16.1.4
00:05:25.530236  client id: 01 00 db cd 56 df a1
00:05:25.530245  params { 1 3 6 15 26 28 51 58 59 43 }
00:05:25.530315   57: 05 dc
00:05:25.530323   60: 'android-dhcp-9'
00:05:25.530336 > allocateAddress to client [01:00:db:cd:56:df:a1] (00:db:cd:56:df:a1)
00:05:25.530360 > ... found existing binding 172.16.1.4 to [01:00:db:cd:56:df:a1] (00:db:cd:56:df:a1), acked, valid from 2024-07-25T05:20:31Z for 600s until 2024-07-25T05:30:31Z
00:05:25.530394 Lease time 600 secs (default)
00:05:25.530426 writing leases to C:\Users\Admin\.Ld9VirtualBox\LdNatNetwork2-Dhcpd.leases
00:05:25.537505 >>> requested option 1 (SubnetMask)
00:05:25.537526 ... always supplied
00:05:25.537535 >>> requested option 3 (Routers)
00:05:25.537543 ... found in GlobalConfig (type global)
00:05:25.537552 >>> requested option 6 (DNSes)
00:05:25.537560 ... found in GlobalConfig (type global)
00:05:25.537569 >>> requested option 15 (DomainName)
00:05:25.537577 ... not found
00:05:25.537584 >>> requested option 26 (InterfaceMTU)
00:05:25.537591 ... not found
00:05:25.537597 >>> requested option 28 (BroadcastAddress)
00:05:25.537603 ... not found
00:05:25.537610 >>> requested option 51 (LeaseTime)
00:05:25.537616 ... not found
00:05:25.537622 >>> requested option 58 (RenewalTime)
00:05:25.537629 ... not found
00:05:25.537635 >>> requested option 59 (RebindingTime)
00:05:25.537642 ... not found
00:05:25.537648 >>> requested option 43 (VendorSpecificInfo)
00:05:25.537654 ... not found
00:05:25.537667 encoding option 1 (SubnetMask)
00:05:25.537675 encoding option 3 (Routers)
00:05:25.537682 encoding option 6 (DNSes)
00:05:25.537689 encoding option 51 (LeaseTime)
00:05:25.537698 ACK xid 0x587fe02c chaddr 00:db:cd:56:df:a1
00:05:25.537720  ciaddr 172.16.1.4 yiaddr 172.16.1.4
00:05:25.537741 encoded message: 548 bytes
00:05:25.537743 0000000000d8ecc0/0000: 02 01 06 00 2c e0 7f 58-00 00 00 00 ac 10 01 04 ....,..X........
00:05:25.537747 0000000000d8ecd0/0010: ac 10 01 04 00 00 00 00-00 00 00 00 00 db cd 56 ...............V
00:05:25.537750 0000000000d8ece0/0020: df a1 00 00 00 00 00 00-00 00 00 00 00 00 00 00 ................
00:05:25.537753 0000000000d8ecf0/0030: 00 00 00 00 00 00 00 00-00 00 00 00 00 00 00 00 ................
00:05:25.537757 0000000000d8ed00/0040: 00 00 00 00 00 00 00 00-00 00 00 00 00 00 00 00 ................
00:05:25.537763 0000000000d8ed10/0050: 00 00 00 00 00 00 00 00-00 00 00 00 00 00 00 00 ................
00:05:25.537768 0000000000d8ed20/0060: 00 00 00 00 00 00 00 00-00 00 00 00 00 00 00 00 ................
00:05:25.537773 0000000000d8ed30/0070: 00 00 00 00 00 00 00 00-00 00 00 00 00 00 00 00 ................
00:05:25.537779 0000000000d8ed40/0080: 00 00 00 00 00 00 00 00-00 00 00 00 00 00 00 00 ................
00:05:25.537782 0000000000d8ed50/0090: 00 00 00 00 00 00 00 00-00 00 00 00 00 00 00 00 ................
00:05:25.537788 0000000000d8ed60/00a0: 00 00 00 00 00 00 00 00-00 00 00 00 00 00 00 00 ................
00:05:25.537791 0000000000d8ed70/00b0: 00 00 00 00 00 00 00 00-00 00 00 00 00 00 00 00 ................
00:05:25.537793 0000000000d8ed80/00c0: 00 00 00 00 00 00 00 00-00 00 00 00 00 00 00 00 ................
00:05:25.537796 0000000000d8ed90/00d0: 00 00 00 00 00 00 00 00-00 00 00 00 00 00 00 00 ................
00:05:25.537798 0000000000d8eda0/00e0: 00 00 00 00 00 00 00 00-00 00 00 00 63 82 53 63 ............c.Sc
00:05:25.537801 0000000000d8edb0/00f0: 36 04 ac 10 01 03 35 01-05 01 04 ff ff ff 00 03 6.....5.........
00:05:25.537803 0000000000d8edc0/0100: 04 ac 10 01 01 06 08 cb-71 83 02 cb 71 bc 08 33 ........q...q..3
00:05:25.537806 0000000000d8edd0/0110: 04 00 00 02 58 ff 00 00-00 00 00 00 00 00 00 00 ....X...........
00:05:25.537808 0000000000d8ede0/0120: 00 00 00 00 00 00 00 00-00 00 00 00 00 00 00 00 ................
00:05:25.537811 0000000000d8edf0/0130: 00 00 00 00 00 00 00 00-00 00 00 00 00 00 00 00 ................
00:05:25.537814 0000000000d8ee00/0140: 00 00 00 00 00 00 00 00-00 00 00 00 00 00 00 00 ................
00:05:25.537816 0000000000d8ee10/0150: 00 00 00 00 00 00 00 00-00 00 00 00 00 00 00 00 ................
00:05:25.537819 0000000000d8ee20/0160: 00 00 00 00 00 00 00 00-00 00 00 00 00 00 00 00 ................
00:05:25.537821 0000000000d8ee30/0170: 00 00 00 00 00 00 00 00-00 00 00 00 00 00 00 00 ................
00:05:25.537825 0000000000d8ee40/0180: 00 00 00 00 00 00 00 00-00 00 00 00 00 00 00 00 ................
00:05:25.537829 0000000000d8ee50/0190: 00 00 00 00 00 00 00 00-00 00 00 00 00 00 00 00 ................
00:05:25.537832 0000000000d8ee60/01a0: 00 00 00 00 00 00 00 00-00 00 00 00 00 00 00 00 ................
00:05:25.537834 0000000000d8ee70/01b0: 00 00 00 00 00 00 00 00-00 00 00 00 00 00 00 00 ................
00:05:25.537837 0000000000d8ee80/01c0: 00 00 00 00 00 00 00 00-00 00 00 00 00 00 00 00 ................
00:05:25.537840 0000000000d8ee90/01d0: 00 00 00 00 00 00 00 00-00 00 00 00 00 00 00 00 ................
00:05:25.537842 0000000000d8eea0/01e0: 00 00 00 00 00 00 00 00-00 00 00 00 00 00 00 00 ................
00:05:25.537845 0000000000d8eeb0/01f0: 00 00 00 00 00 00 00 00-00 00 00 00 00 00 00 00 ................
00:05:25.537847 0000000000d8eec0/0200: 00 00 00 00 00 00 00 00-00 00 00 00 00 00 00 00 ................
00:05:25.537849 0000000000d8eed0/0210: 00 00 00 00 00 00 00 00-00 00 00 00 00 00 00 00 ................
00:05:25.537851 0000000000d8eee0/0220: 00 00 00 00                                     ....
00:10:25.544345 REQUEST xid 0x2d412127 chaddr 00:db:cd:56:df:a1
00:10:25.544380  ciaddr 172.16.1.4
00:10:25.544392  client id: 01 00 db cd 56 df a1
00:10:25.544398  params { 1 3 6 15 26 28 51 58 59 43 }
00:10:25.544448   57: 05 dc
00:10:25.544452   60: 'android-dhcp-9'
00:10:25.544460 > allocateAddress to client [01:00:db:cd:56:df:a1] (00:db:cd:56:df:a1)
00:10:25.544469 > ... found existing binding 172.16.1.4 to [01:00:db:cd:56:df:a1] (00:db:cd:56:df:a1), acked, valid from 2024-07-25T05:25:31Z for 600s until 2024-07-25T05:35:31Z
00:10:25.544481 Lease time 600 secs (default)
00:10:25.544487 writing leases to C:\Users\Admin\.Ld9VirtualBox\LdNatNetwork2-Dhcpd.leases
00:10:25.549166 >>> requested option 1 (SubnetMask)
00:10:25.549182 ... always supplied
00:10:25.549187 >>> requested option 3 (Routers)
00:10:25.549191 ... found in GlobalConfig (type global)
00:10:25.549195 >>> requested option 6 (DNSes)
00:10:25.549198 ... found in GlobalConfig (type global)
00:10:25.549202 >>> requested option 15 (DomainName)
00:10:25.549205 ... not found
00:10:25.549208 >>> requested option 26 (InterfaceMTU)
00:10:25.549212 ... not found
00:10:25.549215 >>> requested option 28 (BroadcastAddress)
00:10:25.549218 ... not found
00:10:25.549222 >>> requested option 51 (LeaseTime)
00:10:25.549225 ... not found
00:10:25.549228 >>> requested option 58 (RenewalTime)
00:10:25.549232 ... not found
00:10:25.549236 >>> requested option 59 (RebindingTime)
00:10:25.549245 ... not found
00:10:25.549250 >>> requested option 43 (VendorSpecificInfo)
00:10:25.549256 ... not found
00:10:25.549266 encoding option 1 (SubnetMask)
00:10:25.549272 encoding option 3 (Routers)
00:10:25.549277 encoding option 6 (DNSes)
00:10:25.549282 encoding option 51 (LeaseTime)
00:10:25.549288 ACK xid 0x2d412127 chaddr 00:db:cd:56:df:a1
00:10:25.549304  ciaddr 172.16.1.4 yiaddr 172.16.1.4
00:10:25.549320 encoded message: 548 bytes
00:10:25.549322 0000000000d8d4b0/0000: 02 01 06 00 27 21 41 2d-00 00 00 00 ac 10 01 04 ....'!A-........
00:10:25.549327 0000000000d8d4c0/0010: ac 10 01 04 00 00 00 00-00 00 00 00 00 db cd 56 ...............V
00:10:25.549329 0000000000d8d4d0/0020: df a1 00 00 00 00 00 00-00 00 00 00 00 00 00 00 ................
00:10:25.549330 0000000000d8d4e0/0030: 00 00 00 00 00 00 00 00-00 00 00 00 00 00 00 00 ................
00:10:25.549331 0000000000d8d4f0/0040: 00 00 00 00 00 00 00 00-00 00 00 00 00 00 00 00 ................
00:10:25.549333 0000000000d8d500/0050: 00 00 00 00 00 00 00 00-00 00 00 00 00 00 00 00 ................
00:10:25.549334 0000000000d8d510/0060: 00 00 00 00 00 00 00 00-00 00 00 00 00 00 00 00 ................
00:10:25.549335 0000000000d8d520/0070: 00 00 00 00 00 00 00 00-00 00 00 00 00 00 00 00 ................
00:10:25.549336 0000000000d8d530/0080: 00 00 00 00 00 00 00 00-00 00 00 00 00 00 00 00 ................
00:10:25.549338 0000000000d8d540/0090: 00 00 00 00 00 00 00 00-00 00 00 00 00 00 00 00 ................
00:10:25.549339 0000000000d8d550/00a0: 00 00 00 00 00 00 00 00-00 00 00 00 00 00 00 00 ................
00:10:25.549340 0000000000d8d560/00b0: 00 00 00 00 00 00 00 00-00 00 00 00 00 00 00 00 ................
00:10:25.549341 0000000000d8d570/00c0: 00 00 00 00 00 00 00 00-00 00 00 00 00 00 00 00 ................
00:10:25.549342 0000000000d8d580/00d0: 00 00 00 00 00 00 00 00-00 00 00 00 00 00 00 00 ................
00:10:25.549344 0000000000d8d590/00e0: 00 00 00 00 00 00 00 00-00 00 00 00 63 82 53 63 ............c.Sc
00:10:25.549345 0000000000d8d5a0/00f0: 36 04 ac 10 01 03 35 01-05 01 04 ff ff ff 00 03 6.....5.........
00:10:25.549346 0000000000d8d5b0/0100: 04 ac 10 01 01 06 08 cb-71 83 02 cb 71 bc 08 33 ........q...q..3
00:10:25.549348 0000000000d8d5c0/0110: 04 00 00 02 58 ff 00 00-00 00 00 00 00 00 00 00 ....X...........
00:10:25.549349 0000000000d8d5d0/0120: 00 00 00 00 00 00 00 00-00 00 00 00 00 00 00 00 ................
00:10:25.549350 0000000000d8d5e0/0130: 00 00 00 00 00 00 00 00-00 00 00 00 00 00 00 00 ................
00:10:25.549351 0000000000d8d5f0/0140: 00 00 00 00 00 00 00 00-00 00 00 00 00 00 00 00 ................
00:10:25.549353 0000000000d8d600/0150: 00 00 00 00 00 00 00 00-00 00 00 00 00 00 00 00 ................
00:10:25.549354 0000000000d8d610/0160: 00 00 00 00 00 00 00 00-00 00 00 00 00 00 00 00 ................
00:10:25.549355 0000000000d8d620/0170: 00 00 00 00 00 00 00 00-00 00 00 00 00 00 00 00 ................
00:10:25.549356 0000000000d8d630/0180: 00 00 00 00 00 00 00 00-00 00 00 00 00 00 00 00 ................
00:10:25.549357 0000000000d8d640/0190: 00 00 00 00 00 00 00 00-00 00 00 00 00 00 00 00 ................
00:10:25.549359 0000000000d8d650/01a0: 00 00 00 00 00 00 00 00-00 00 00 00 00 00 00 00 ................
00:10:25.549360 0000000000d8d660/01b0: 00 00 00 00 00 00 00 00-00 00 00 00 00 00 00 00 ................
00:10:25.549361 0000000000d8d670/01c0: 00 00 00 00 00 00 00 00-00 00 00 00 00 00 00 00 ................
00:10:25.549362 0000000000d8d680/01d0: 00 00 00 00 00 00 00 00-00 00 00 00 00 00 00 00 ................
00:10:25.549363 0000000000d8d690/01e0: 00 00 00 00 00 00 00 00-00 00 00 00 00 00 00 00 ................
00:10:25.549365 0000000000d8d6a0/01f0: 00 00 00 00 00 00 00 00-00 00 00 00 00 00 00 00 ................
00:10:25.549366 0000000000d8d6b0/0200: 00 00 00 00 00 00 00 00-00 00 00 00 00 00 00 00 ................
00:10:25.549367 0000000000d8d6c0/0210: 00 00 00 00 00 00 00 00-00 00 00 00 00 00 00 00 ................
00:10:25.549368 0000000000d8d6d0/0220: 00 00 00 00                                     ....
