00:00:00.008917 main     VirtualBox COM Server 4.1.34 r230443208 win.amd64 (Jul 26 2022 16:16:15) release log
00:00:00.008922 main     Log opened 2024-07-26T15:17:38.516879900Z
00:00:00.008923 main     Build Type: release
00:00:00.008931 main     OS Product: Windows 11
00:00:00.008932 main     OS Release: 10.0.22631
00:00:00.008933 main     OS Service Pack: 
00:00:00.028436 main     DMI Product Name: Nitro AN515-54
00:00:00.039275 main     DMI Product Version: V1.33
00:00:00.039285 main     Firmware type: UEFI
00:00:00.039548 main     Secure Boot: VERR_PRIVILEGE_NOT_HELD
00:00:00.039581 main     Host RAM: 16221MB (15.8GB) total, 7957MB (7.7GB) available
00:00:00.039586 main     Executable: C:\Program Files\ldplayer9box\Ld9BoxSVC.exe
00:00:00.039586 main     Process ID: 16892
00:00:00.039587 main     Package type: WINDOWS_64BITS_GENERIC (OSE)
00:00:00.041830          VirtualBox: object creation starts
00:00:00.042107          Home directory: 'C:\Users\Admin\.Ld9VirtualBox'
00:00:00.042215          Installed Drivers:
00:00:00.053064          USBLibInit: USB Service not found
00:00:00.128228          netIfGetBoundAdapters: could not find either 'oracle_VBoxNetLwf' or 'sun_VBoxNetFlt' components (0x1)
00:00:00.131487          HostDnsMonitor: initializing
00:00:00.139188          HostDnsMonitor: updating information
00:00:00.139224          HostDnsMonitor: old information
00:00:00.139229            no server entries
00:00:00.139233            no domain set
00:00:00.139236            no search string entries
00:00:00.139239          HostDnsMonitor: new information
00:00:00.139242            server 1: 192.168.1.1
00:00:00.139246            no domain set
00:00:00.139249            no search string entries
00:00:00.139777          VD: VDInit finished with VINF_SUCCESS
00:00:00.140667          ERROR [COM]: aRC=E_FAIL (0x80004005) aIID={20191216-929c-40e8-bf16-fea557cd8e7e} aComponent={SystemPropertiesWrap} aText={Cannot determine default Guest Additions ISO location. Most likely they are not available}, preserve=false aResultDetail=0
00:00:00.141612          VirtualBox: object created
00:00:00.167642          ERROR [COM]: aRC=VBOX_E_OBJECT_NOT_FOUND (0x80bb0001) aIID={20191216-e254-4e5b-a1f2-011cf991c38d} aComponent={VirtualBoxWrap} aText={Could not find a registered machine with UUID {20160302-aaaa-aaaa-0eee-000000000000}}, preserve=false aResultDetail=0
00:00:00.170592          Loading settings file "C:\LDPlayer\LDPlayer9\vms\leidian0\leidian.vbox" with version "1.18-windows"
00:00:00.172434          Saving settings file "C:\Users\Admin\.Ld9VirtualBox\VirtualBox.xml" with version "1.12-windows"
00:00:00.179054          ERROR [COM]: aRC=VBOX_E_OBJECT_NOT_FOUND (0x80bb0001) aIID={20191216-b5bb-4316-a900-5eb28d3413df} aComponent={SessionMachine} aText={Could not find a shared folder named 'Applications'}, preserve=false aResultDetail=0
00:00:00.179523          ERROR [COM]: aRC=VBOX_E_OBJECT_NOT_FOUND (0x80bb0001) aIID={20191216-b5bb-4316-a900-5eb28d3413df} aComponent={SessionMachine} aText={Could not find a shared folder named 'Bug'}, preserve=false aResultDetail=0
00:00:00.179841          ERROR [COM]: aRC=VBOX_E_OBJECT_NOT_FOUND (0x80bb0001) aIID={20191216-b5bb-4316-a900-5eb28d3413df} aComponent={SessionMachine} aText={Could not find a shared folder named 'Misc'}, preserve=false aResultDetail=0
00:00:00.180227          ERROR [COM]: aRC=VBOX_E_OBJECT_NOT_FOUND (0x80bb0001) aIID={20191216-b5bb-4316-a900-5eb28d3413df} aComponent={SessionMachine} aText={Could not find a shared folder named 'Pictures'}, preserve=false aResultDetail=0
00:00:00.200355          netIfGetBoundAdapters: could not find either 'oracle_VBoxNetLwf' or 'sun_VBoxNetFlt' components (0x1)
00:00:00.207916          Saving settings file "C:\Users\Admin\.Ld9VirtualBox\VirtualBox.xml" with version "1.14-windows"
00:00:00.208861          Saving settings file "C:\Users\Admin\.Ld9VirtualBox\VirtualBox.xml" with version "1.14-windows"
00:00:00.209200          Saving settings file "C:\Users\Admin\.Ld9VirtualBox\VirtualBox.xml" with version "1.14-windows"
00:00:00.210735          ERROR [COM]: aRC=VBOX_E_OBJECT_NOT_FOUND (0x80bb0001) aIID={20191216-b5bb-4316-a900-5eb28d3413df} aComponent={SessionMachine} aText={No storage device attached to device slot 0 on port 0 of controller 'VirtIO'}, preserve=false aResultDetail=0
00:00:00.212295          ERROR [COM]: aRC=VBOX_E_OBJECT_NOT_FOUND (0x80bb0001) aIID={20191216-b5bb-4316-a900-5eb28d3413df} aComponent={SessionMachine} aText={No storage device attached to device slot 0 on port 2 of controller 'VirtIO'}, preserve=false aResultDetail=0
00:00:00.248327          Saving settings file "C:\Users\Admin\.Ld9VirtualBox\VirtualBox.xml" with version "1.14-windows"
00:00:00.257715          Saving settings file "C:\LDPlayer\LDPlayer9\vms\leidian0\leidian.vbox" with version "1.18-windows"
00:00:00.298094          Launched VM: 11867264 pid: 18500 (0x4844) frontend: headless name: leidian0
00:00:00.433082          VM 'leidian0' starts using NAT network 'LdNatNetwork0'
00:00:00.433269          Saving settings file "C:\Users\Admin\.Ld9VirtualBox\VirtualBox.xml" with version "1.14-windows"
00:00:00.433422          Saving settings file "C:\Users\Admin\.Ld9VirtualBox\VirtualBox.xml" with version "1.14-windows"
00:00:00.433598          Saving settings file "C:\Users\Admin\.Ld9VirtualBox\VirtualBox.xml" with version "1.14-windows"
00:00:00.433837          Saving settings file "C:\Users\Admin\.Ld9VirtualBox\VirtualBox.xml" with version "1.14-windows"
00:00:00.434039          Saving settings file "C:\Users\Admin\.Ld9VirtualBox\VirtualBox.xml" with version "1.14-windows"
00:00:00.434167          HostDnsMonitorProxy::GetDomainName: no domain set
00:00:00.434196          ERROR [COM]: aRC=VBOX_E_OBJECT_NOT_FOUND (0x80bb0001) aIID={20191216-f4c4-4020-a185-0d2881bcfa8b} aComponent={DHCPGlobalConfigWrap} aText={DHCP option 15 was not found}, preserve=false aResultDetail=0
00:00:00.434246          HostDnsMonitorProxy::GetNameServers:
00:00:00.434254            name server 1: 192.168.1.1
00:00:00.434415          Saving settings file "C:\Users\Admin\.Ld9VirtualBox\VirtualBox.xml" with version "1.14-windows"
00:00:00.434652          Saving settings file "C:\Users\Admin\.Ld9VirtualBox\VirtualBox.xml" with version "1.14-windows"
00:00:00.440449          NetworkServiceRunning: started 'VBoxNetDHCP.exe', pid 00000a80
00:00:00.446561          NetworkServiceRunning: started 'VBoxNetNAT.exe', pid 0000359c
00:00:00.446645          Started NAT network 'LdNatNetwork0'
00:00:00.556277          HostDnsMonitorProxy::GetNameServers:
00:00:00.556297            name server 1: 192.168.1.1
00:00:00.687132          WARNING [COM]: aRC=E_FAIL (0x80004005) aIID={20191216-5fdc-4aba-aff5-6a39bbd7c38b} aComponent={HostWrap} aText={Could not load the Host USB Proxy Service (VERR_FILE_NOT_FOUND). The service might not be installed on the host computer}, preserve=true  aResultDetail=0
00:09:24.494644          ERROR [COM]: aRC=VBOX_E_INVALID_OBJECT_STATE (0x80bb0007) aIID={20191216-b5bb-4316-a900-5eb28d3413df} aComponent={MachineWrap} aText={The given session is busy}, preserve=false aResultDetail=0
00:09:24.495521          Saving settings file "C:\LDPlayer\LDPlayer9\vms\leidian0\leidian.vbox" with version "1.18-windows"
00:09:28.110493          Saving settings file "C:\LDPlayer\LDPlayer9\vms\leidian0\leidian.vbox" with version "1.18-windows"
00:09:29.776668 Watcher  VM 'leidian0' stops using NAT network 'LdNatNetwork0'
00:09:29.794201 Watcher  NetworkServiceRunning: killing VBoxNetDHCP.exe, pid 00000a80...
00:09:29.853053 Watcher  NetworkServiceRunning: VBoxNetNAT.exe (pid 0000359c) stopped: iStatus=0 enmReason=1
00:09:29.853091 Watcher  Stopped NAT network 'LdNatNetwork0'
